2022-04-07T23:31:38.875+0700 [DEBUG] [org.gradle.launcher.daemon.bootstrap.DaemonMain] Assuming the daemon was started with following jvm opts: [--add-opens, java.base/java.util=ALL-UNNAMED, --add-opens, java.base/java.lang=ALL-UNNAMED, --add-opens, java.base/java.lang.invoke=ALL-UNNAMED, --add-opens, java.base/java.util=ALL-UNNAMED, --add-opens, java.prefs/java.util.prefs=ALL-UNNAMED, --add-opens, java.prefs/java.util.prefs=ALL-UNNAMED, --add-opens, java.base/java.nio.charset=ALL-UNNAMED, --add-opens, java.base/java.net=ALL-UNNAMED, --add-opens, java.base/java.util.concurrent.atomic=ALL-UNNAMED, -Xmx2048m, -Dfile.encoding=UTF-8, -Duser.country=US, -Duser.language=en, -Duser.variant]
2022-04-07T23:31:39.128+0700 [DEBUG] [org.gradle.internal.nativeintegration.services.NativeServices] Native-platform posix files integration is not available. Continuing with fallback.
2022-04-07T23:31:39.157+0700 [INFO] [org.gradle.launcher.daemon.server.Daemon] start() called on daemon - DefaultDaemonContext[uid=f70c50db-e258-48fb-840c-7209b434e615,javaHome=C:\Program Files\Android\Android Studio\jre,daemonRegistryDir=D:\Year_3\Semester_2\Mobile\daemon,pid=13960,idleTimeout=10800000,priority=NORMAL,daemonOpts=--add-opens,java.base/java.util=ALL-UNNAMED,--add-opens,java.base/java.lang=ALL-UNNAMED,--add-opens,java.base/java.lang.invoke=ALL-UNNAMED,--add-opens,java.base/java.util=ALL-UNNAMED,--add-opens,java.prefs/java.util.prefs=ALL-UNNAMED,--add-opens,java.prefs/java.util.prefs=ALL-UNNAMED,--add-opens,java.base/java.nio.charset=ALL-UNNAMED,--add-opens,java.base/java.net=ALL-UNNAMED,--add-opens,java.base/java.util.concurrent.atomic=ALL-UNNAMED,-Xmx2048m,-Dfile.encoding=UTF-8,-Duser.country=US,-Duser.language=en,-Duser.variant]
2022-04-07T23:31:39.624+0700 [DEBUG] [org.gradle.internal.remote.internal.inet.InetAddresses] Adding IP addresses for network interface Software Loopback Interface 1
2022-04-07T23:31:39.627+0700 [DEBUG] [org.gradle.internal.remote.internal.inet.InetAddresses] Is this a loopback interface? true
2022-04-07T23:31:39.627+0700 [DEBUG] [org.gradle.internal.remote.internal.inet.InetAddresses] Adding loopback address /127.0.0.1
2022-04-07T23:31:39.628+0700 [DEBUG] [org.gradle.internal.remote.internal.inet.InetAddresses] Adding loopback address /0:0:0:0:0:0:0:1
2022-04-07T23:31:39.631+0700 [DEBUG] [org.gradle.internal.remote.internal.inet.InetAddresses] Adding IP addresses for network interface Bluetooth Device (Personal Area Network)
2022-04-07T23:31:39.634+0700 [DEBUG] [org.gradle.internal.remote.internal.inet.InetAddresses] Is this a loopback interface? false
2022-04-07T23:31:39.635+0700 [DEBUG] [org.gradle.internal.remote.internal.inet.InetAddresses] Adding remote address /fe80:0:0:0:c98d:dec2:bf6b:3cfe%eth0
2022-04-07T23:31:39.635+0700 [DEBUG] [org.gradle.internal.remote.internal.inet.InetAddresses] Adding IP addresses for network interface Microsoft Wi-Fi Direct Virtual Adapter
2022-04-07T23:31:39.638+0700 [DEBUG] [org.gradle.internal.remote.internal.inet.InetAddresses] Is this a loopback interface? false
2022-04-07T23:31:39.638+0700 [DEBUG] [org.gradle.internal.remote.internal.inet.InetAddresses] Adding remote address /fe80:0:0:0:fd55:5b4c:b339:4ecc%wlan0
2022-04-07T23:31:39.638+0700 [DEBUG] [org.gradle.internal.remote.internal.inet.InetAddresses] Adding IP addresses for network interface Microsoft 6to4 Adapter
2022-04-07T23:31:39.641+0700 [DEBUG] [org.gradle.internal.remote.internal.inet.InetAddresses] Is this a loopback interface? false
2022-04-07T23:31:39.641+0700 [DEBUG] [org.gradle.internal.remote.internal.inet.InetAddresses] Adding IP addresses for network interface WAN Miniport (PPTP)
2022-04-07T23:31:39.644+0700 [DEBUG] [org.gradle.internal.remote.internal.inet.InetAddresses] Is this a loopback interface? false
2022-04-07T23:31:39.645+0700 [DEBUG] [org.gradle.internal.remote.internal.inet.InetAddresses] Adding IP addresses for network interface WAN Miniport (IKEv2)
2022-04-07T23:31:39.648+0700 [DEBUG] [org.gradle.internal.remote.internal.inet.InetAddresses] Is this a loopback interface? false
2022-04-07T23:31:39.648+0700 [DEBUG] [org.gradle.internal.remote.internal.inet.InetAddresses] Adding IP addresses for network interface MediaTek Wi-Fi 6 MT7921 Wireless LAN Card
2022-04-07T23:31:39.651+0700 [DEBUG] [org.gradle.internal.remote.internal.inet.InetAddresses] Is this a loopback interface? false
2022-04-07T23:31:39.651+0700 [DEBUG] [org.gradle.internal.remote.internal.inet.InetAddresses] Adding remote address /192.168.2.121
2022-04-07T23:31:39.652+0700 [DEBUG] [org.gradle.internal.remote.internal.inet.InetAddresses] Adding remote address /fe80:0:0:0:242c:696c:7142:cee7%wlan1
2022-04-07T23:31:39.653+0700 [DEBUG] [org.gradle.internal.remote.internal.inet.InetAddresses] Adding IP addresses for network interface Microsoft IP-HTTPS Platform Adapter
2022-04-07T23:31:39.656+0700 [DEBUG] [org.gradle.internal.remote.internal.inet.InetAddresses] Is this a loopback interface? false
2022-04-07T23:31:39.656+0700 [DEBUG] [org.gradle.internal.remote.internal.inet.InetAddresses] Adding IP addresses for network interface WireGuard Tunnel
2022-04-07T23:31:39.659+0700 [DEBUG] [org.gradle.internal.remote.internal.inet.InetAddresses] Is this a loopback interface? false
2022-04-07T23:31:39.659+0700 [DEBUG] [org.gradle.internal.remote.internal.inet.InetAddresses] Adding IP addresses for network interface WAN Miniport (SSTP)
2022-04-07T23:31:39.662+0700 [DEBUG] [org.gradle.internal.remote.internal.inet.InetAddresses] Is this a loopback interface? false
2022-04-07T23:31:39.662+0700 [DEBUG] [org.gradle.internal.remote.internal.inet.InetAddresses] Adding IP addresses for network interface WAN Miniport (L2TP)
2022-04-07T23:31:39.665+0700 [DEBUG] [org.gradle.internal.remote.internal.inet.InetAddresses] Is this a loopback interface? false
2022-04-07T23:31:39.666+0700 [DEBUG] [org.gradle.internal.remote.internal.inet.InetAddresses] Adding IP addresses for network interface WAN Miniport (IP)
2022-04-07T23:31:39.669+0700 [DEBUG] [org.gradle.internal.remote.internal.inet.InetAddresses] Is this a loopback interface? false
2022-04-07T23:31:39.670+0700 [DEBUG] [org.gradle.internal.remote.internal.inet.InetAddresses] Adding IP addresses for network interface Microsoft Teredo Tunneling Adapter
2022-04-07T23:31:39.673+0700 [DEBUG] [org.gradle.internal.remote.internal.inet.InetAddresses] Is this a loopback interface? false
2022-04-07T23:31:39.673+0700 [DEBUG] [org.gradle.internal.remote.internal.inet.InetAddresses] Adding IP addresses for network interface WAN Miniport (Network Monitor)
2022-04-07T23:31:39.676+0700 [DEBUG] [org.gradle.internal.remote.internal.inet.InetAddresses] Is this a loopback interface? false
2022-04-07T23:31:39.677+0700 [DEBUG] [org.gradle.internal.remote.internal.inet.InetAddresses] Adding IP addresses for network interface WAN Miniport (IPv6)
2022-04-07T23:31:39.680+0700 [DEBUG] [org.gradle.internal.remote.internal.inet.InetAddresses] Is this a loopback interface? false
2022-04-07T23:31:39.680+0700 [DEBUG] [org.gradle.internal.remote.internal.inet.InetAddresses] Adding IP addresses for network interface WAN Miniport (PPPOE)
2022-04-07T23:31:39.683+0700 [DEBUG] [org.gradle.internal.remote.internal.inet.InetAddresses] Is this a loopback interface? false
2022-04-07T23:31:39.683+0700 [DEBUG] [org.gradle.internal.remote.internal.inet.InetAddresses] Adding IP addresses for network interface Microsoft Wi-Fi Direct Virtual Adapter #2
2022-04-07T23:31:39.687+0700 [DEBUG] [org.gradle.internal.remote.internal.inet.InetAddresses] Is this a loopback interface? false
2022-04-07T23:31:39.687+0700 [DEBUG] [org.gradle.internal.remote.internal.inet.InetAddresses] Adding remote address /fe80:0:0:0:24a4:313:f9e6:f7a5%wlan2
2022-04-07T23:31:39.687+0700 [DEBUG] [org.gradle.internal.remote.internal.inet.InetAddresses] Adding IP addresses for network interface Realtek PCIe GbE Family Controller
2022-04-07T23:31:39.690+0700 [DEBUG] [org.gradle.internal.remote.internal.inet.InetAddresses] Is this a loopback interface? false
2022-04-07T23:31:39.691+0700 [DEBUG] [org.gradle.internal.remote.internal.inet.InetAddresses] Adding remote address /fe80:0:0:0:ad97:bbe0:c949:6e51%eth4
2022-04-07T23:31:39.691+0700 [DEBUG] [org.gradle.internal.remote.internal.inet.InetAddresses] Adding IP addresses for network interface RAS Async Adapter
2022-04-07T23:31:39.694+0700 [DEBUG] [org.gradle.internal.remote.internal.inet.InetAddresses] Is this a loopback interface? false
2022-04-07T23:31:39.694+0700 [DEBUG] [org.gradle.internal.remote.internal.inet.InetAddresses] Adding IP addresses for network interface Realtek PCIe GbE Family Controller-WFP Native MAC Layer LightWeight Filter-0000
2022-04-07T23:31:39.697+0700 [DEBUG] [org.gradle.internal.remote.internal.inet.InetAddresses] Is this a loopback interface? false
2022-04-07T23:31:39.697+0700 [DEBUG] [org.gradle.internal.remote.internal.inet.InetAddresses] Adding IP addresses for network interface Realtek PCIe GbE Family Controller-QoS Packet Scheduler-0000
2022-04-07T23:31:39.701+0700 [DEBUG] [org.gradle.internal.remote.internal.inet.InetAddresses] Is this a loopback interface? false
2022-04-07T23:31:39.702+0700 [DEBUG] [org.gradle.internal.remote.internal.inet.InetAddresses] Adding IP addresses for network interface Realtek PCIe GbE Family Controller-WFP 802.3 MAC Layer LightWeight Filter-0000
2022-04-07T23:31:39.705+0700 [DEBUG] [org.gradle.internal.remote.internal.inet.InetAddresses] Is this a loopback interface? false
2022-04-07T23:31:39.705+0700 [DEBUG] [org.gradle.internal.remote.internal.inet.InetAddresses] Adding IP addresses for network interface MediaTek Wi-Fi 6 MT7921 Wireless LAN Card-WFP Native MAC Layer LightWeight Filter-0000
2022-04-07T23:31:39.708+0700 [DEBUG] [org.gradle.internal.remote.internal.inet.InetAddresses] Is this a loopback interface? false
2022-04-07T23:31:39.708+0700 [DEBUG] [org.gradle.internal.remote.internal.inet.InetAddresses] Adding IP addresses for network interface MediaTek Wi-Fi 6 MT7921 Wireless LAN Card-Virtual WiFi Filter Driver-0000
2022-04-07T23:31:39.711+0700 [DEBUG] [org.gradle.internal.remote.internal.inet.InetAddresses] Is this a loopback interface? false
2022-04-07T23:31:39.711+0700 [DEBUG] [org.gradle.internal.remote.internal.inet.InetAddresses] Adding IP addresses for network interface MediaTek Wi-Fi 6 MT7921 Wireless LAN Card-Native WiFi Filter Driver-0000
2022-04-07T23:31:39.714+0700 [DEBUG] [org.gradle.internal.remote.internal.inet.InetAddresses] Is this a loopback interface? false
2022-04-07T23:31:39.714+0700 [DEBUG] [org.gradle.internal.remote.internal.inet.InetAddresses] Adding IP addresses for network interface MediaTek Wi-Fi 6 MT7921 Wireless LAN Card-QoS Packet Scheduler-0000
2022-04-07T23:31:39.717+0700 [DEBUG] [org.gradle.internal.remote.internal.inet.InetAddresses] Is this a loopback interface? false
2022-04-07T23:31:39.717+0700 [DEBUG] [org.gradle.internal.remote.internal.inet.InetAddresses] Adding IP addresses for network interface MediaTek Wi-Fi 6 MT7921 Wireless LAN Card-WFP 802.3 MAC Layer LightWeight Filter-0000
2022-04-07T23:31:39.720+0700 [DEBUG] [org.gradle.internal.remote.internal.inet.InetAddresses] Is this a loopback interface? false
2022-04-07T23:31:39.720+0700 [DEBUG] [org.gradle.internal.remote.internal.inet.InetAddresses] Adding IP addresses for network interface Microsoft Wi-Fi Direct Virtual Adapter-WFP Native MAC Layer LightWeight Filter-0000
2022-04-07T23:31:39.724+0700 [DEBUG] [org.gradle.internal.remote.internal.inet.InetAddresses] Is this a loopback interface? false
2022-04-07T23:31:39.724+0700 [DEBUG] [org.gradle.internal.remote.internal.inet.InetAddresses] Adding IP addresses for network interface Microsoft Wi-Fi Direct Virtual Adapter-Native WiFi Filter Driver-0000
2022-04-07T23:31:39.728+0700 [DEBUG] [org.gradle.internal.remote.internal.inet.InetAddresses] Is this a loopback interface? false
2022-04-07T23:31:39.728+0700 [DEBUG] [org.gradle.internal.remote.internal.inet.InetAddresses] Adding IP addresses for network interface WAN Miniport (IP)-WFP Native MAC Layer LightWeight Filter-0000
2022-04-07T23:31:39.732+0700 [DEBUG] [org.gradle.internal.remote.internal.inet.InetAddresses] Is this a loopback interface? false
2022-04-07T23:31:39.732+0700 [DEBUG] [org.gradle.internal.remote.internal.inet.InetAddresses] Adding IP addresses for network interface WAN Miniport (IP)-QoS Packet Scheduler-0000
2022-04-07T23:31:39.735+0700 [DEBUG] [org.gradle.internal.remote.internal.inet.InetAddresses] Is this a loopback interface? false
2022-04-07T23:31:39.736+0700 [DEBUG] [org.gradle.internal.remote.internal.inet.InetAddresses] Adding IP addresses for network interface WAN Miniport (IPv6)-WFP Native MAC Layer LightWeight Filter-0000
2022-04-07T23:31:39.739+0700 [DEBUG] [org.gradle.internal.remote.internal.inet.InetAddresses] Is this a loopback interface? false
2022-04-07T23:31:39.739+0700 [DEBUG] [org.gradle.internal.remote.internal.inet.InetAddresses] Adding IP addresses for network interface WAN Miniport (IPv6)-QoS Packet Scheduler-0000
2022-04-07T23:31:39.742+0700 [DEBUG] [org.gradle.internal.remote.internal.inet.InetAddresses] Is this a loopback interface? false
2022-04-07T23:31:39.742+0700 [DEBUG] [org.gradle.internal.remote.internal.inet.InetAddresses] Adding IP addresses for network interface WAN Miniport (Network Monitor)-WFP Native MAC Layer LightWeight Filter-0000
2022-04-07T23:31:39.744+0700 [DEBUG] [org.gradle.internal.remote.internal.inet.InetAddresses] Is this a loopback interface? false
2022-04-07T23:31:39.745+0700 [DEBUG] [org.gradle.internal.remote.internal.inet.InetAddresses] Adding IP addresses for network interface WAN Miniport (Network Monitor)-QoS Packet Scheduler-0000
2022-04-07T23:31:39.747+0700 [DEBUG] [org.gradle.internal.remote.internal.inet.InetAddresses] Is this a loopback interface? false
2022-04-07T23:31:39.748+0700 [DEBUG] [org.gradle.internal.remote.internal.inet.InetAddresses] Adding IP addresses for network interface Microsoft Wi-Fi Direct Virtual Adapter-QoS Packet Scheduler-0000
2022-04-07T23:31:39.750+0700 [DEBUG] [org.gradle.internal.remote.internal.inet.InetAddresses] Is this a loopback interface? false
2022-04-07T23:31:39.751+0700 [DEBUG] [org.gradle.internal.remote.internal.inet.InetAddresses] Adding IP addresses for network interface Microsoft Wi-Fi Direct Virtual Adapter-WFP 802.3 MAC Layer LightWeight Filter-0000
2022-04-07T23:31:39.753+0700 [DEBUG] [org.gradle.internal.remote.internal.inet.InetAddresses] Is this a loopback interface? false
2022-04-07T23:31:39.754+0700 [DEBUG] [org.gradle.internal.remote.internal.inet.InetAddresses] Adding IP addresses for network interface Microsoft Wi-Fi Direct Virtual Adapter #2-WFP Native MAC Layer LightWeight Filter-0000
2022-04-07T23:31:39.756+0700 [DEBUG] [org.gradle.internal.remote.internal.inet.InetAddresses] Is this a loopback interface? false
2022-04-07T23:31:39.756+0700 [DEBUG] [org.gradle.internal.remote.internal.inet.InetAddresses] Adding IP addresses for network interface Microsoft Wi-Fi Direct Virtual Adapter #2-Native WiFi Filter Driver-0000
2022-04-07T23:31:39.759+0700 [DEBUG] [org.gradle.internal.remote.internal.inet.InetAddresses] Is this a loopback interface? false
2022-04-07T23:31:39.759+0700 [DEBUG] [org.gradle.internal.remote.internal.inet.InetAddresses] Adding IP addresses for network interface Microsoft Wi-Fi Direct Virtual Adapter #2-QoS Packet Scheduler-0000
2022-04-07T23:31:39.761+0700 [DEBUG] [org.gradle.internal.remote.internal.inet.InetAddresses] Is this a loopback interface? false
2022-04-07T23:31:39.762+0700 [DEBUG] [org.gradle.internal.remote.internal.inet.InetAddresses] Adding IP addresses for network interface Microsoft Wi-Fi Direct Virtual Adapter #2-WFP 802.3 MAC Layer LightWeight Filter-0000
2022-04-07T23:31:39.764+0700 [DEBUG] [org.gradle.internal.remote.internal.inet.InetAddresses] Is this a loopback interface? false
2022-04-07T23:31:39.767+0700 [DEBUG] [org.gradle.internal.remote.internal.inet.TcpIncomingConnector] Listening on [44e47207-d142-4062-8559-d0b530d946a5 port:52232, addresses:[localhost/127.0.0.1]].
2022-04-07T23:31:39.780+0700 [DEBUG] [org.gradle.launcher.daemon.server.Daemon] Daemon starting at: Thu Apr 07 23:31:39 ICT 2022, with address: [44e47207-d142-4062-8559-d0b530d946a5 port:52232, addresses:[localhost/127.0.0.1]]
2022-04-07T23:31:39.781+0700 [INFO] [org.gradle.launcher.daemon.server.DaemonRegistryUpdater] Advertising the daemon address to the clients: [44e47207-d142-4062-8559-d0b530d946a5 port:52232, addresses:[localhost/127.0.0.1]]
2022-04-07T23:31:39.781+0700 [DEBUG] [org.gradle.launcher.daemon.server.DaemonRegistryUpdater] Advertised daemon context: DefaultDaemonContext[uid=f70c50db-e258-48fb-840c-7209b434e615,javaHome=C:\Program Files\Android\Android Studio\jre,daemonRegistryDir=D:\Year_3\Semester_2\Mobile\daemon,pid=13960,idleTimeout=10800000,priority=NORMAL,daemonOpts=--add-opens,java.base/java.util=ALL-UNNAMED,--add-opens,java.base/java.lang=ALL-UNNAMED,--add-opens,java.base/java.lang.invoke=ALL-UNNAMED,--add-opens,java.base/java.util=ALL-UNNAMED,--add-opens,java.prefs/java.util.prefs=ALL-UNNAMED,--add-opens,java.prefs/java.util.prefs=ALL-UNNAMED,--add-opens,java.base/java.nio.charset=ALL-UNNAMED,--add-opens,java.base/java.net=ALL-UNNAMED,--add-opens,java.base/java.util.concurrent.atomic=ALL-UNNAMED,-Xmx2048m,-Dfile.encoding=UTF-8,-Duser.country=US,-Duser.language=en,-Duser.variant]
2022-04-07T23:31:39.783+0700 [DEBUG] [org.gradle.launcher.daemon.registry.PersistentDaemonRegistry] Storing daemon address: [44e47207-d142-4062-8559-d0b530d946a5 port:52232, addresses:[localhost/127.0.0.1]], context: DefaultDaemonContext[uid=f70c50db-e258-48fb-840c-7209b434e615,javaHome=C:\Program Files\Android\Android Studio\jre,daemonRegistryDir=D:\Year_3\Semester_2\Mobile\daemon,pid=13960,idleTimeout=10800000,priority=NORMAL,daemonOpts=--add-opens,java.base/java.util=ALL-UNNAMED,--add-opens,java.base/java.lang=ALL-UNNAMED,--add-opens,java.base/java.lang.invoke=ALL-UNNAMED,--add-opens,java.base/java.util=ALL-UNNAMED,--add-opens,java.prefs/java.util.prefs=ALL-UNNAMED,--add-opens,java.prefs/java.util.prefs=ALL-UNNAMED,--add-opens,java.base/java.nio.charset=ALL-UNNAMED,--add-opens,java.base/java.net=ALL-UNNAMED,--add-opens,java.base/java.util.concurrent.atomic=ALL-UNNAMED,-Xmx2048m,-Dfile.encoding=UTF-8,-Duser.country=US,-Duser.language=en,-Duser.variant]
2022-04-07T23:31:39.794+0700 [DEBUG] [org.gradle.cache.internal.DefaultFileLockManager] Waiting to acquire exclusive lock on daemon addresses registry.
2022-04-07T23:31:39.799+0700 [DEBUG] [org.gradle.cache.internal.DefaultFileLockManager] Lock acquired on daemon addresses registry.
2022-04-07T23:31:39.807+0700 [DEBUG] [org.gradle.cache.internal.DefaultFileLockManager] Releasing lock on daemon addresses registry.
2022-04-07T23:31:39.808+0700 [LIFECYCLE] [org.gradle.launcher.daemon.server.Daemon] Daemon server started.
2022-04-07T23:31:39.811+0700 [DEBUG] [org.gradle.launcher.daemon.bootstrap.DaemonStartupCommunication] Completed writing the daemon greeting. Closing streams...
2022-04-07T23:31:39.830+0700 [DEBUG] [org.gradle.internal.remote.internal.inet.TcpIncomingConnector] Accepted connection from /127.0.0.1:52233 to /127.0.0.1:52232.
2022-04-07T23:31:39.849+0700 [DEBUG] [org.gradle.launcher.daemon.server.Daemon] stopOnExpiration() called on daemon
2022-04-07T23:31:39.851+0700 [DEBUG] [org.gradle.launcher.daemon.server.Daemon] awaitExpiration() called on daemon
2022-04-07T23:31:39.853+0700 [DEBUG] [org.gradle.launcher.daemon.server.DaemonStateCoordinator] daemon is running. Sleeping until state changes.
2022-04-07T23:31:39.949+0700 [DEBUG] [org.gradle.launcher.daemon.server.SynchronizedDispatchConnection] thread 20: received class org.gradle.launcher.daemon.protocol.Build
2022-04-07T23:31:39.949+0700 [DEBUG] [org.gradle.launcher.daemon.server.DefaultDaemonConnection] thread 20: Received non-IO message from client: Build{id=0f5dc995-2673-41e7-9576-1adc9af3ed7e, currentDir=C:\Users\khai\Downloads\BTL-Android-SieuThi\SieuThi}
2022-04-07T23:31:39.950+0700 [INFO] [org.gradle.launcher.daemon.server.DefaultIncomingConnectionHandler] Received command: Build{id=0f5dc995-2673-41e7-9576-1adc9af3ed7e, currentDir=C:\Users\khai\Downloads\BTL-Android-SieuThi\SieuThi}.
2022-04-07T23:31:39.951+0700 [DEBUG] [org.gradle.launcher.daemon.server.DefaultIncomingConnectionHandler] Starting executing command: Build{id=0f5dc995-2673-41e7-9576-1adc9af3ed7e, currentDir=C:\Users\khai\Downloads\BTL-Android-SieuThi\SieuThi} with connection: socket connection from /127.0.0.1:52232 to /127.0.0.1:52233.
2022-04-07T23:31:39.955+0700 [DEBUG] [org.gradle.launcher.daemon.server.DaemonStateCoordinator] Command execution: started DaemonCommandExecution[command = Build{id=0f5dc995-2673-41e7-9576-1adc9af3ed7e, currentDir=C:\Users\khai\Downloads\BTL-Android-SieuThi\SieuThi}, connection = DefaultDaemonConnection: socket connection from /127.0.0.1:52232 to /127.0.0.1:52233] after 0.0 minutes of idle
2022-04-07T23:31:39.956+0700 [INFO] [org.gradle.launcher.daemon.server.DaemonRegistryUpdater] Marking the daemon as busy, address: [44e47207-d142-4062-8559-d0b530d946a5 port:52232, addresses:[localhost/127.0.0.1]]
2022-04-07T23:31:39.956+0700 [DEBUG] [org.gradle.launcher.daemon.registry.PersistentDaemonRegistry] Marking busy by address: [44e47207-d142-4062-8559-d0b530d946a5 port:52232, addresses:[localhost/127.0.0.1]]
2022-04-07T23:31:39.957+0700 [DEBUG] [org.gradle.cache.internal.DefaultFileLockManager] Waiting to acquire exclusive lock on daemon addresses registry.
2022-04-07T23:31:39.958+0700 [DEBUG] [org.gradle.cache.internal.DefaultFileLockManager] Lock acquired on daemon addresses registry.
2022-04-07T23:31:39.960+0700 [DEBUG] [org.gradle.cache.internal.DefaultFileLockManager] Releasing lock on daemon addresses registry.
2022-04-07T23:31:39.961+0700 [DEBUG] [org.gradle.launcher.daemon.server.DaemonStateCoordinator] resetting idle timer
2022-04-07T23:31:39.961+0700 [DEBUG] [org.gradle.launcher.daemon.server.DaemonStateCoordinator] daemon is running. Sleeping until state changes.
2022-04-07T23:31:39.963+0700 [INFO] [org.gradle.launcher.daemon.server.exec.StartBuildOrRespondWithBusy] Daemon is about to start building Build{id=0f5dc995-2673-41e7-9576-1adc9af3ed7e, currentDir=C:\Users\khai\Downloads\BTL-Android-SieuThi\SieuThi}. Dispatching build started information...
2022-04-07T23:31:39.963+0700 [DEBUG] [org.gradle.launcher.daemon.server.SynchronizedDispatchConnection] thread 22: dispatching org.gradle.launcher.daemon.protocol.BuildStarted@53b29e2f
2022-04-07T23:31:39.966+0700 [DEBUG] [org.gradle.launcher.daemon.server.exec.EstablishBuildEnvironment] Configuring env variables: [USERDOMAIN_ROAMINGPROFILE, LOCALAPPDATA, PROCESSOR_LEVEL, USERDOMAIN, LOGONSERVER, FPS_BROWSER_APP_PROFILE_STRING, SESSIONNAME, ALLUSERSPROFILE, PROCESSOR_ARCHITECTURE, PSModulePath, SystemDrive, OneDrive, APPDATA, MOZ_PLUGIN_PATH, USERNAME, ProgramFiles(x86), CommonProgramFiles, Path, FPS_BROWSER_USER_PROFILE_STRING, PATHEXT, DriverData, OS, OneDriveConsumer, COMPUTERNAME, PROCESSOR_REVISION, CommonProgramW6432, ComSpec, ProgramData, ProgramW6432, SystemRoot, HOMEPATH, TEMP, PROCESSOR_IDENTIFIER, HOMEDRIVE, USERPROFILE, TMP, CommonProgramFiles(x86), ProgramFiles, PUBLIC, windir, NUMBER_OF_PROCESSORS, =::, IDEA_INITIAL_DIRECTORY]
2022-04-07T23:31:39.970+0700 [DEBUG] [org.gradle.launcher.daemon.server.SynchronizedDispatchConnection] thread 20: received class org.gradle.launcher.daemon.protocol.CloseInput
2022-04-07T23:31:39.971+0700 [DEBUG] [org.gradle.launcher.daemon.server.DefaultDaemonConnection] thread 20: Received IO message from client: org.gradle.launcher.daemon.protocol.CloseInput@49d289f8
2022-04-07T23:31:39.977+0700 [DEBUG] [org.gradle.launcher.daemon.server.exec.LogToClient] About to start relaying all logs to the client via the connection.
2022-04-07T23:31:39.977+0700 [INFO] [org.gradle.launcher.daemon.server.exec.LogToClient] The client will now receive all logging from the daemon (pid: 13960). The daemon log file: D:\Year_3\Semester_2\Mobile\daemon\7.0.2\daemon-13960.out.log
2022-04-07T23:31:39.981+0700 [INFO] [org.gradle.launcher.daemon.server.exec.LogAndCheckHealth] Starting build in new daemon [memory: 2 GiB]
2022-04-07T23:31:39.983+0700 [INFO] [org.gradle.launcher.daemon.server.exec.ForwardClientInput] Closing daemon's stdin at end of input.
2022-04-07T23:31:39.983+0700 [INFO] [org.gradle.launcher.daemon.server.exec.ForwardClientInput] The daemon will no longer process any standard input.
2022-04-07T23:31:39.990+0700 [DEBUG] [org.gradle.launcher.daemon.server.exec.ExecuteBuild] The daemon has started executing the build.
2022-04-07T23:31:39.991+0700 [DEBUG] [org.gradle.launcher.daemon.server.exec.ExecuteBuild] Executing build with daemon context: DefaultDaemonContext[uid=f70c50db-e258-48fb-840c-7209b434e615,javaHome=C:\Program Files\Android\Android Studio\jre,daemonRegistryDir=D:\Year_3\Semester_2\Mobile\daemon,pid=13960,idleTimeout=10800000,priority=NORMAL,daemonOpts=--add-opens,java.base/java.util=ALL-UNNAMED,--add-opens,java.base/java.lang=ALL-UNNAMED,--add-opens,java.base/java.lang.invoke=ALL-UNNAMED,--add-opens,java.base/java.util=ALL-UNNAMED,--add-opens,java.prefs/java.util.prefs=ALL-UNNAMED,--add-opens,java.prefs/java.util.prefs=ALL-UNNAMED,--add-opens,java.base/java.nio.charset=ALL-UNNAMED,--add-opens,java.base/java.net=ALL-UNNAMED,--add-opens,java.base/java.util.concurrent.atomic=ALL-UNNAMED,-Xmx2048m,-Dfile.encoding=UTF-8,-Duser.country=US,-Duser.language=en,-Duser.variant]
AGPBI: {"kind":"warning","text":"We recommend using a newer Android Gradle plugin to use compileSdk = 32\n\nThis Android Gradle plugin (7.0.4) was tested up to compileSdk = 31\n\nThis warning can be suppressed by adding\n    android.suppressUnsupportedCompileSdk=32\nto this project's gradle.properties\n\nThe build will continue, but you are strongly encouraged to update your project to\nuse a newer Android Gradle Plugin that has been tested with compileSdk = 32","sources":[{}]}

Deprecated Gradle features were used in this build, making it incompatible with Gradle 8.0.
Use '--warning-mode all' to show the individual deprecation warnings.
See https://docs.gradle.org/7.0.2/userguide/command_line_interface.html#sec:command_line_warnings

BUILD SUCCESSFUL in 18s
27 actionable tasks: 27 up-to-date
2022-04-07T23:31:55.893+0700 [DEBUG] [org.gradle.launcher.daemon.server.exec.ExecuteBuild] The daemon has finished executing the build.
2022-04-07T23:31:55.911+0700 [DEBUG] [org.gradle.launcher.daemon.server.DaemonStateCoordinator] daemon is running. Sleeping until state changes.
2022-04-07T23:31:55.912+0700 [DEBUG] [org.gradle.launcher.daemon.server.DaemonStateCoordinator] Command execution: finished waiting for DaemonCommandExecution[command = Build{id=0f5dc995-2673-41e7-9576-1adc9af3ed7e, currentDir=C:\Users\khai\Downloads\BTL-Android-SieuThi\SieuThi}, connection = DefaultDaemonConnection: socket connection from /127.0.0.1:52232 to /127.0.0.1:52233]. Result org.gradle.launcher.daemon.server.DaemonStateCoordinator@6638db9a with state Busy
2022-04-07T23:31:55.912+0700 [DEBUG] [org.gradle.launcher.daemon.server.DaemonStateCoordinator] Command execution: completed DaemonCommandExecution[command = Build{id=0f5dc995-2673-41e7-9576-1adc9af3ed7e, currentDir=C:\Users\khai\Downloads\BTL-Android-SieuThi\SieuThi}, connection = DefaultDaemonConnection: socket connection from /127.0.0.1:52232 to /127.0.0.1:52233]
2022-04-07T23:31:55.912+0700 [DEBUG] [org.gradle.launcher.daemon.server.DaemonStateCoordinator] resetting idle timer
2022-04-07T23:31:55.913+0700 [INFO] [org.gradle.launcher.daemon.server.DaemonRegistryUpdater] Marking the daemon as idle, address: [44e47207-d142-4062-8559-d0b530d946a5 port:52232, addresses:[localhost/127.0.0.1]]
2022-04-07T23:31:55.913+0700 [DEBUG] [org.gradle.launcher.daemon.registry.PersistentDaemonRegistry] Marking busy by address: [44e47207-d142-4062-8559-d0b530d946a5 port:52232, addresses:[localhost/127.0.0.1]]
2022-04-07T23:31:55.914+0700 [DEBUG] [org.gradle.cache.internal.DefaultFileLockManager] Waiting to acquire exclusive lock on daemon addresses registry.
2022-04-07T23:31:55.914+0700 [DEBUG] [org.gradle.cache.internal.DefaultFileLockManager] Lock acquired on daemon addresses registry.
2022-04-07T23:31:55.916+0700 [DEBUG] [org.gradle.cache.internal.DefaultFileLockManager] Releasing lock on daemon addresses registry.
2022-04-07T23:31:55.916+0700 [DEBUG] [org.gradle.launcher.daemon.server.DaemonStateCoordinator] daemon is running. Sleeping until state changes.
2022-04-07T23:31:55.917+0700 [DEBUG] [org.gradle.launcher.daemon.server.exec.ReturnResult] Daemon is dispatching the build result: Success[value=org.gradle.launcher.exec.BuildActionResult@1b42682d]
2022-04-07T23:31:55.917+0700 [DEBUG] [org.gradle.launcher.daemon.server.SynchronizedDispatchConnection] thread 19: dispatching Success[value=org.gradle.launcher.exec.BuildActionResult@1b42682d]
2022-04-07T23:31:55.918+0700 [DEBUG] [org.gradle.launcher.daemon.server.DefaultIncomingConnectionHandler] Finishing executing command: Build{id=0f5dc995-2673-41e7-9576-1adc9af3ed7e, currentDir=C:\Users\khai\Downloads\BTL-Android-SieuThi\SieuThi}
2022-04-07T23:31:55.925+0700 [DEBUG] [org.gradle.launcher.daemon.server.SynchronizedDispatchConnection] thread 20: received class org.gradle.launcher.daemon.protocol.Finished
2022-04-07T23:31:55.925+0700 [DEBUG] [org.gradle.launcher.daemon.server.DefaultDaemonConnection] thread 20: Received non-IO message from client: org.gradle.launcher.daemon.protocol.Finished@62e40c87
2022-04-07T23:31:55.925+0700 [DEBUG] [org.gradle.launcher.daemon.server.DefaultIncomingConnectionHandler] Received finished message: org.gradle.launcher.daemon.protocol.Finished@62e40c87
2022-04-07T23:31:55.926+0700 [DEBUG] [org.gradle.launcher.daemon.server.SynchronizedDispatchConnection] thread 19: stopping connection
2022-04-07T23:31:55.928+0700 [DEBUG] [org.gradle.internal.remote.internal.inet.SocketConnection] Discarding EOFException: java.io.EOFException
2022-04-07T23:31:55.928+0700 [DEBUG] [org.gradle.launcher.daemon.server.SynchronizedDispatchConnection] thread 20: received null
2022-04-07T23:31:55.929+0700 [DEBUG] [org.gradle.launcher.daemon.server.DefaultDaemonConnection] thread 20: Received end-of-input from client.
2022-04-07T23:31:55.929+0700 [DEBUG] [org.gradle.launcher.daemon.server.SynchronizedDispatchConnection] thread 19: stopping connection
2022-04-07T23:31:58.137+0700 [DEBUG] [org.gradle.process.internal.health.memory.DefaultMemoryManager] 787959808 memory requested, 393949184 free
2022-04-07T23:31:58.138+0700 [DEBUG] [org.gradle.workers.internal.WorkerDaemonExpiration] Will attempt to release 751 of memory
2022-04-07T23:31:58.138+0700 [DEBUG] [org.gradle.process.internal.health.memory.DefaultMemoryManager] 787959808 memory requested, 0 released, 393949184 free
2022-04-07T23:31:59.857+0700 [DEBUG] [org.gradle.cache.internal.DefaultFileLockManager] Waiting to acquire shared lock on daemon addresses registry.
2022-04-07T23:31:59.858+0700 [DEBUG] [org.gradle.cache.internal.DefaultFileLockManager] Lock acquired on daemon addresses registry.
2022-04-07T23:31:59.858+0700 [DEBUG] [org.gradle.cache.internal.DefaultFileLockManager] Releasing lock on daemon addresses registry.
2022-04-07T23:31:59.860+0700 [DEBUG] [org.gradle.cache.internal.DefaultFileLockManager] Waiting to acquire shared lock on daemon addresses registry.
2022-04-07T23:31:59.861+0700 [DEBUG] [org.gradle.cache.internal.DefaultFileLockManager] Lock acquired on daemon addresses registry.
2022-04-07T23:31:59.861+0700 [DEBUG] [org.gradle.cache.internal.DefaultFileLockManager] Releasing lock on daemon addresses registry.
2022-04-07T23:32:03.133+0700 [DEBUG] [org.gradle.process.internal.health.memory.DefaultMemoryManager] 787959808 memory requested, 394788864 free
2022-04-07T23:32:03.133+0700 [DEBUG] [org.gradle.workers.internal.WorkerDaemonExpiration] Will attempt to release 751 of memory
2022-04-07T23:32:03.133+0700 [DEBUG] [org.gradle.process.internal.health.memory.DefaultMemoryManager] 787959808 memory requested, 0 released, 394788864 free
2022-04-07T23:32:08.133+0700 [DEBUG] [org.gradle.process.internal.health.memory.DefaultMemoryManager] 787959808 memory requested, 381444096 free
2022-04-07T23:32:08.133+0700 [DEBUG] [org.gradle.workers.internal.WorkerDaemonExpiration] Will attempt to release 751 of memory
2022-04-07T23:32:08.133+0700 [DEBUG] [org.gradle.process.internal.health.memory.DefaultMemoryManager] 787959808 memory requested, 0 released, 381444096 free
2022-04-07T23:32:09.855+0700 [DEBUG] [org.gradle.cache.internal.DefaultFileLockManager] Waiting to acquire shared lock on daemon addresses registry.
2022-04-07T23:32:09.856+0700 [DEBUG] [org.gradle.cache.internal.DefaultFileLockManager] Lock acquired on daemon addresses registry.
2022-04-07T23:32:09.857+0700 [DEBUG] [org.gradle.cache.internal.DefaultFileLockManager] Releasing lock on daemon addresses registry.
2022-04-07T23:32:09.858+0700 [DEBUG] [org.gradle.cache.internal.DefaultFileLockManager] Waiting to acquire shared lock on daemon addresses registry.
2022-04-07T23:32:09.858+0700 [DEBUG] [org.gradle.cache.internal.DefaultFileLockManager] Lock acquired on daemon addresses registry.
2022-04-07T23:32:09.858+0700 [DEBUG] [org.gradle.cache.internal.DefaultFileLockManager] Releasing lock on daemon addresses registry.
2022-04-07T23:32:09.859+0700 [DEBUG] [org.gradle.cache.internal.DefaultFileLockManager] Waiting to acquire shared lock on daemon addresses registry.
2022-04-07T23:32:09.859+0700 [DEBUG] [org.gradle.cache.internal.DefaultFileLockManager] Lock acquired on daemon addresses registry.
2022-04-07T23:32:09.859+0700 [DEBUG] [org.gradle.cache.internal.DefaultFileLockManager] Releasing lock on daemon addresses registry.
2022-04-07T23:32:13.145+0700 [DEBUG] [org.gradle.process.internal.health.memory.DefaultMemoryManager] 787959808 memory requested, 565092352 free
2022-04-07T23:32:13.145+0700 [DEBUG] [org.gradle.workers.internal.WorkerDaemonExpiration] Will attempt to release 751 of memory
2022-04-07T23:32:13.146+0700 [DEBUG] [org.gradle.process.internal.health.memory.DefaultMemoryManager] 787959808 memory requested, 0 released, 565092352 free
2022-04-07T23:32:18.140+0700 [DEBUG] [org.gradle.process.internal.health.memory.DefaultMemoryManager] 787959808 memory requested, 604274688 free
2022-04-07T23:32:18.140+0700 [DEBUG] [org.gradle.workers.internal.WorkerDaemonExpiration] Will attempt to release 751 of memory
2022-04-07T23:32:18.140+0700 [DEBUG] [org.gradle.process.internal.health.memory.DefaultMemoryManager] 787959808 memory requested, 0 released, 604274688 free
2022-04-07T23:32:19.857+0700 [DEBUG] [org.gradle.cache.internal.DefaultFileLockManager] Waiting to acquire shared lock on daemon addresses registry.
2022-04-07T23:32:19.858+0700 [DEBUG] [org.gradle.cache.internal.DefaultFileLockManager] Lock acquired on daemon addresses registry.
2022-04-07T23:32:19.858+0700 [DEBUG] [org.gradle.cache.internal.DefaultFileLockManager] Releasing lock on daemon addresses registry.
2022-04-07T23:32:19.860+0700 [DEBUG] [org.gradle.cache.internal.DefaultFileLockManager] Waiting to acquire shared lock on daemon addresses registry.
2022-04-07T23:32:19.861+0700 [DEBUG] [org.gradle.cache.internal.DefaultFileLockManager] Lock acquired on daemon addresses registry.
2022-04-07T23:32:19.861+0700 [DEBUG] [org.gradle.cache.internal.DefaultFileLockManager] Releasing lock on daemon addresses registry.
2022-04-07T23:32:19.862+0700 [DEBUG] [org.gradle.cache.internal.DefaultFileLockManager] Waiting to acquire shared lock on daemon addresses registry.
2022-04-07T23:32:19.862+0700 [DEBUG] [org.gradle.cache.internal.DefaultFileLockManager] Lock acquired on daemon addresses registry.
2022-04-07T23:32:19.863+0700 [DEBUG] [org.gradle.cache.internal.DefaultFileLockManager] Releasing lock on daemon addresses registry.
2022-04-07T23:32:23.133+0700 [DEBUG] [org.gradle.process.internal.health.memory.DefaultMemoryManager] 787959808 memory requested, 608108544 free
2022-04-07T23:32:23.133+0700 [DEBUG] [org.gradle.workers.internal.WorkerDaemonExpiration] Will attempt to release 751 of memory
2022-04-07T23:32:23.133+0700 [DEBUG] [org.gradle.process.internal.health.memory.DefaultMemoryManager] 787959808 memory requested, 0 released, 608108544 free
2022-04-07T23:32:28.141+0700 [DEBUG] [org.gradle.process.internal.health.memory.DefaultMemoryManager] 787959808 memory requested, 601608192 free
2022-04-07T23:32:28.142+0700 [DEBUG] [org.gradle.workers.internal.WorkerDaemonExpiration] Will attempt to release 751 of memory
2022-04-07T23:32:28.142+0700 [DEBUG] [org.gradle.process.internal.health.memory.DefaultMemoryManager] 787959808 memory requested, 0 released, 601608192 free
2022-04-07T23:32:29.860+0700 [DEBUG] [org.gradle.cache.internal.DefaultFileLockManager] Waiting to acquire shared lock on daemon addresses registry.
2022-04-07T23:32:29.860+0700 [DEBUG] [org.gradle.cache.internal.DefaultFileLockManager] Lock acquired on daemon addresses registry.
2022-04-07T23:32:29.861+0700 [DEBUG] [org.gradle.cache.internal.DefaultFileLockManager] Releasing lock on daemon addresses registry.
2022-04-07T23:32:29.862+0700 [DEBUG] [org.gradle.cache.internal.DefaultFileLockManager] Waiting to acquire shared lock on daemon addresses registry.
2022-04-07T23:32:29.863+0700 [DEBUG] [org.gradle.cache.internal.DefaultFileLockManager] Lock acquired on daemon addresses registry.
2022-04-07T23:32:29.863+0700 [DEBUG] [org.gradle.cache.internal.DefaultFileLockManager] Releasing lock on daemon addresses registry.
2022-04-07T23:32:29.864+0700 [DEBUG] [org.gradle.cache.internal.DefaultFileLockManager] Waiting to acquire shared lock on daemon addresses registry.
2022-04-07T23:32:29.864+0700 [DEBUG] [org.gradle.cache.internal.DefaultFileLockManager] Lock acquired on daemon addresses registry.
2022-04-07T23:32:29.864+0700 [DEBUG] [org.gradle.cache.internal.DefaultFileLockManager] Releasing lock on daemon addresses registry.
2022-04-07T23:32:33.138+0700 [DEBUG] [org.gradle.process.internal.health.memory.DefaultMemoryManager] 787959808 memory requested, 501297152 free
2022-04-07T23:32:33.138+0700 [DEBUG] [org.gradle.workers.internal.WorkerDaemonExpiration] Will attempt to release 751 of memory
2022-04-07T23:32:33.138+0700 [DEBUG] [org.gradle.process.internal.health.memory.DefaultMemoryManager] 787959808 memory requested, 0 released, 501297152 free
2022-04-07T23:32:38.140+0700 [DEBUG] [org.gradle.process.internal.health.memory.DefaultMemoryManager] 787959808 memory requested, 321953792 free
2022-04-07T23:32:38.140+0700 [DEBUG] [org.gradle.workers.internal.WorkerDaemonExpiration] Will attempt to release 751 of memory
2022-04-07T23:32:38.141+0700 [DEBUG] [org.gradle.process.internal.health.memory.DefaultMemoryManager] 787959808 memory requested, 0 released, 321953792 free
2022-04-07T23:32:39.852+0700 [DEBUG] [org.gradle.cache.internal.DefaultFileLockManager] Waiting to acquire shared lock on daemon addresses registry.
2022-04-07T23:32:39.852+0700 [DEBUG] [org.gradle.cache.internal.DefaultFileLockManager] Lock acquired on daemon addresses registry.
2022-04-07T23:32:39.853+0700 [DEBUG] [org.gradle.cache.internal.DefaultFileLockManager] Releasing lock on daemon addresses registry.
2022-04-07T23:32:39.854+0700 [DEBUG] [org.gradle.cache.internal.DefaultFileLockManager] Waiting to acquire shared lock on daemon addresses registry.
2022-04-07T23:32:39.855+0700 [DEBUG] [org.gradle.cache.internal.DefaultFileLockManager] Lock acquired on daemon addresses registry.
2022-04-07T23:32:39.855+0700 [DEBUG] [org.gradle.cache.internal.DefaultFileLockManager] Releasing lock on daemon addresses registry.
2022-04-07T23:32:39.856+0700 [DEBUG] [org.gradle.cache.internal.DefaultFileLockManager] Waiting to acquire shared lock on daemon addresses registry.
2022-04-07T23:32:39.856+0700 [DEBUG] [org.gradle.cache.internal.DefaultFileLockManager] Lock acquired on daemon addresses registry.
2022-04-07T23:32:39.856+0700 [DEBUG] [org.gradle.cache.internal.DefaultFileLockManager] Releasing lock on daemon addresses registry.
2022-04-07T23:32:43.133+0700 [DEBUG] [org.gradle.process.internal.health.memory.DefaultMemoryManager] 787959808 memory requested, 552947712 free
2022-04-07T23:32:43.134+0700 [DEBUG] [org.gradle.workers.internal.WorkerDaemonExpiration] Will attempt to release 751 of memory
2022-04-07T23:32:43.134+0700 [DEBUG] [org.gradle.process.internal.health.memory.DefaultMemoryManager] 787959808 memory requested, 0 released, 552947712 free
2022-04-07T23:32:48.137+0700 [DEBUG] [org.gradle.process.internal.health.memory.DefaultMemoryManager] 787959808 memory requested, 479592448 free
2022-04-07T23:32:48.137+0700 [DEBUG] [org.gradle.workers.internal.WorkerDaemonExpiration] Will attempt to release 751 of memory
2022-04-07T23:32:48.137+0700 [DEBUG] [org.gradle.process.internal.health.memory.DefaultMemoryManager] 787959808 memory requested, 0 released, 479592448 free
2022-04-07T23:32:49.863+0700 [DEBUG] [org.gradle.cache.internal.DefaultFileLockManager] Waiting to acquire shared lock on daemon addresses registry.
2022-04-07T23:32:49.863+0700 [DEBUG] [org.gradle.cache.internal.DefaultFileLockManager] Lock acquired on daemon addresses registry.
2022-04-07T23:32:49.863+0700 [DEBUG] [org.gradle.cache.internal.DefaultFileLockManager] Releasing lock on daemon addresses registry.
2022-04-07T23:32:49.864+0700 [DEBUG] [org.gradle.cache.internal.DefaultFileLockManager] Waiting to acquire shared lock on daemon addresses registry.
2022-04-07T23:32:49.865+0700 [DEBUG] [org.gradle.cache.internal.DefaultFileLockManager] Lock acquired on daemon addresses registry.
2022-04-07T23:32:49.865+0700 [DEBUG] [org.gradle.cache.internal.DefaultFileLockManager] Releasing lock on daemon addresses registry.
2022-04-07T23:32:49.865+0700 [DEBUG] [org.gradle.cache.internal.DefaultFileLockManager] Waiting to acquire shared lock on daemon addresses registry.
2022-04-07T23:32:49.866+0700 [DEBUG] [org.gradle.cache.internal.DefaultFileLockManager] Lock acquired on daemon addresses registry.
2022-04-07T23:32:49.866+0700 [DEBUG] [org.gradle.cache.internal.DefaultFileLockManager] Releasing lock on daemon addresses registry.
2022-04-07T23:32:53.136+0700 [DEBUG] [org.gradle.process.internal.health.memory.DefaultMemoryManager] 787959808 memory requested, 550842368 free
2022-04-07T23:32:53.137+0700 [DEBUG] [org.gradle.workers.internal.WorkerDaemonExpiration] Will attempt to release 751 of memory
2022-04-07T23:32:53.137+0700 [DEBUG] [org.gradle.process.internal.health.memory.DefaultMemoryManager] 787959808 memory requested, 0 released, 550842368 free
2022-04-07T23:32:58.138+0700 [DEBUG] [org.gradle.process.internal.health.memory.DefaultMemoryManager] 787959808 memory requested, 575492096 free
2022-04-07T23:32:58.138+0700 [DEBUG] [org.gradle.workers.internal.WorkerDaemonExpiration] Will attempt to release 751 of memory
2022-04-07T23:32:58.139+0700 [DEBUG] [org.gradle.process.internal.health.memory.DefaultMemoryManager] 787959808 memory requested, 0 released, 575492096 free
2022-04-07T23:32:59.858+0700 [DEBUG] [org.gradle.cache.internal.DefaultFileLockManager] Waiting to acquire shared lock on daemon addresses registry.
2022-04-07T23:32:59.858+0700 [DEBUG] [org.gradle.cache.internal.DefaultFileLockManager] Lock acquired on daemon addresses registry.
2022-04-07T23:32:59.859+0700 [DEBUG] [org.gradle.cache.internal.DefaultFileLockManager] Releasing lock on daemon addresses registry.
2022-04-07T23:32:59.861+0700 [DEBUG] [org.gradle.cache.internal.DefaultFileLockManager] Waiting to acquire shared lock on daemon addresses registry.
2022-04-07T23:32:59.862+0700 [DEBUG] [org.gradle.cache.internal.DefaultFileLockManager] Lock acquired on daemon addresses registry.
2022-04-07T23:32:59.862+0700 [DEBUG] [org.gradle.cache.internal.DefaultFileLockManager] Releasing lock on daemon addresses registry.
2022-04-07T23:32:59.863+0700 [DEBUG] [org.gradle.cache.internal.DefaultFileLockManager] Waiting to acquire shared lock on daemon addresses registry.
2022-04-07T23:32:59.863+0700 [DEBUG] [org.gradle.cache.internal.DefaultFileLockManager] Lock acquired on daemon addresses registry.
2022-04-07T23:32:59.864+0700 [DEBUG] [org.gradle.cache.internal.DefaultFileLockManager] Releasing lock on daemon addresses registry.
2022-04-07T23:33:03.143+0700 [DEBUG] [org.gradle.process.internal.health.memory.DefaultMemoryManager] 787959808 memory requested, 524750848 free
2022-04-07T23:33:03.144+0700 [DEBUG] [org.gradle.workers.internal.WorkerDaemonExpiration] Will attempt to release 751 of memory
2022-04-07T23:33:03.144+0700 [DEBUG] [org.gradle.process.internal.health.memory.DefaultMemoryManager] 787959808 memory requested, 0 released, 524750848 free
2022-04-07T23:33:07.356+0700 [DEBUG] [org.gradle.internal.remote.internal.inet.TcpIncomingConnector] Accepted connection from /127.0.0.1:52341 to /127.0.0.1:52232.
2022-04-07T23:33:07.366+0700 [DEBUG] [org.gradle.launcher.daemon.server.SynchronizedDispatchConnection] thread 78: received class org.gradle.launcher.daemon.protocol.StopWhenIdle
2022-04-07T23:33:07.367+0700 [DEBUG] [org.gradle.launcher.daemon.server.DefaultDaemonConnection] thread 78: Received non-IO message from client: StopWhenIdle[id=8acabc5a-4bb8-405d-8251-252950755660]
2022-04-07T23:33:07.367+0700 [INFO] [org.gradle.launcher.daemon.server.DefaultIncomingConnectionHandler] Received command: StopWhenIdle[id=8acabc5a-4bb8-405d-8251-252950755660].
2022-04-07T23:33:07.367+0700 [DEBUG] [org.gradle.launcher.daemon.server.DefaultIncomingConnectionHandler] Starting executing command: StopWhenIdle[id=8acabc5a-4bb8-405d-8251-252950755660] with connection: socket connection from /127.0.0.1:52232 to /127.0.0.1:52341.
2022-04-07T23:33:07.368+0700 [DEBUG] [org.gradle.launcher.daemon.server.DaemonRegistryUpdater] Storing daemon stop event: stop command received
2022-04-07T23:33:07.369+0700 [DEBUG] [org.gradle.launcher.daemon.registry.PersistentDaemonRegistry] Storing daemon stop event with timestamp 1649349187366
2022-04-07T23:33:07.370+0700 [DEBUG] [org.gradle.cache.internal.DefaultFileLockManager] Waiting to acquire exclusive lock on daemon addresses registry.
2022-04-07T23:33:07.371+0700 [DEBUG] [org.gradle.cache.internal.DefaultFileLockManager] Lock acquired on daemon addresses registry.
2022-04-07T23:33:07.372+0700 [DEBUG] [org.gradle.cache.internal.DefaultFileLockManager] Releasing lock on daemon addresses registry.
2022-04-07T23:33:07.372+0700 [LIFECYCLE] [org.gradle.launcher.daemon.server.DaemonStateCoordinator] Daemon will be stopped at the end of the build stop command received
2022-04-07T23:33:07.373+0700 [DEBUG] [org.gradle.launcher.daemon.server.DaemonStateCoordinator] Marking daemon stopped due to stop command received. The daemon is running a build: false
2022-04-07T23:33:07.373+0700 [DEBUG] [org.gradle.launcher.daemon.server.SynchronizedDispatchConnection] thread 77: dispatching Success[value=null]
2022-04-07T23:33:07.373+0700 [DEBUG] [org.gradle.launcher.daemon.server.DaemonStateCoordinator] daemon has stopped.
2022-04-07T23:33:07.373+0700 [DEBUG] [org.gradle.launcher.daemon.server.Daemon] stop() called on daemon
2022-04-07T23:33:07.373+0700 [DEBUG] [org.gradle.launcher.daemon.server.DefaultIncomingConnectionHandler] Finishing executing command: StopWhenIdle[id=8acabc5a-4bb8-405d-8251-252950755660]
2022-04-07T23:33:07.374+0700 [INFO] [org.gradle.launcher.daemon.server.Daemon] Stop requested. Daemon is removing its presence from the registry...
2022-04-07T23:33:07.374+0700 [DEBUG] [org.gradle.launcher.daemon.server.DaemonRegistryUpdater] Removing our presence to clients, eg. removing this address from the registry: [44e47207-d142-4062-8559-d0b530d946a5 port:52232, addresses:[localhost/127.0.0.1]]
2022-04-07T23:33:07.374+0700 [DEBUG] [org.gradle.launcher.daemon.registry.PersistentDaemonRegistry] Removing daemon address: [44e47207-d142-4062-8559-d0b530d946a5 port:52232, addresses:[localhost/127.0.0.1]]
2022-04-07T23:33:07.377+0700 [DEBUG] [org.gradle.cache.internal.DefaultFileLockManager] Waiting to acquire exclusive lock on daemon addresses registry.
2022-04-07T23:33:07.378+0700 [DEBUG] [org.gradle.cache.internal.DefaultFileLockManager] Lock acquired on daemon addresses registry.
2022-04-07T23:33:07.379+0700 [DEBUG] [org.gradle.cache.internal.DefaultFileLockManager] Releasing lock on daemon addresses registry.
2022-04-07T23:33:07.380+0700 [DEBUG] [org.gradle.launcher.daemon.server.DaemonRegistryUpdater] Address removed from registry.
2022-04-07T23:33:07.453+0700 [DEBUG] [org.gradle.launcher.daemon.server.SynchronizedDispatchConnection] thread 78: received class org.gradle.launcher.daemon.protocol.Finished
2022-04-07T23:33:07.453+0700 [DEBUG] [org.gradle.launcher.daemon.server.DefaultDaemonConnection] thread 78: Received non-IO message from client: org.gradle.launcher.daemon.protocol.Finished@70bed7d5
2022-04-07T23:33:07.453+0700 [DEBUG] [org.gradle.launcher.daemon.server.DefaultIncomingConnectionHandler] Received finished message: org.gradle.launcher.daemon.protocol.Finished@70bed7d5
2022-04-07T23:33:07.453+0700 [DEBUG] [org.gradle.launcher.daemon.server.SynchronizedDispatchConnection] thread 77: stopping connection
2022-04-07T23:33:07.453+0700 [DEBUG] [org.gradle.internal.remote.internal.inet.SocketConnection] Discarding EOFException: java.io.EOFException
2022-04-07T23:33:07.454+0700 [DEBUG] [org.gradle.launcher.daemon.server.SynchronizedDispatchConnection] thread 78: received null
2022-04-07T23:33:07.454+0700 [DEBUG] [org.gradle.launcher.daemon.server.DefaultDaemonConnection] thread 78: Received end-of-input from client.
2022-04-07T23:33:07.455+0700 [DEBUG] [org.gradle.launcher.daemon.server.SynchronizedDispatchConnection] thread 77: stopping connection
2022-04-07T23:33:07.459+0700 [DEBUG] [org.gradle.cache.internal.LockOnDemandCrossProcessCacheAccess] Releasing file lock for jars (D:\Year_3\Semester_2\Mobile\caches\jars-8)
2022-04-07T23:33:07.459+0700 [DEBUG] [org.gradle.cache.internal.DefaultFileLockManager] Releasing lock on jars (D:\Year_3\Semester_2\Mobile\caches\jars-8).
2022-04-07T23:33:07.461+0700 [DEBUG] [org.gradle.cache.internal.DefaultPersistentDirectoryStore] jars (D:\Year_3\Semester_2\Mobile\caches\jars-8) has last been fully cleaned up 6 hours ago
2022-04-07T23:33:07.482+0700 [DEBUG] [org.gradle.cache.internal.LockOnDemandCrossProcessCacheAccess] Releasing file lock for file content cache (D:\Year_3\Semester_2\Mobile\caches\7.0.2\fileContent)
2022-04-07T23:33:07.482+0700 [DEBUG] [org.gradle.cache.internal.DefaultFileLockManager] Releasing lock on file content cache (D:\Year_3\Semester_2\Mobile\caches\7.0.2\fileContent).
2022-04-07T23:33:07.486+0700 [DEBUG] [org.gradle.cache.internal.LockOnDemandCrossProcessCacheAccess] Releasing file lock for Artifact transforms cache (D:\Year_3\Semester_2\Mobile\caches\transforms-3)
2022-04-07T23:33:07.486+0700 [DEBUG] [org.gradle.internal.watch.registry.impl.DefaultFileWatcherRegistry] Finished listening to file system change events
2022-04-07T23:33:07.486+0700 [DEBUG] [org.gradle.cache.internal.DefaultFileLockManager] Releasing lock on Artifact transforms cache (D:\Year_3\Semester_2\Mobile\caches\transforms-3).
2022-04-07T23:33:07.487+0700 [DEBUG] [org.gradle.cache.internal.DefaultPersistentDirectoryStore] Artifact transforms cache (D:\Year_3\Semester_2\Mobile\caches\transforms-3) has last been fully cleaned up 6 hours ago
2022-04-07T23:33:07.487+0700 [DEBUG] [org.gradle.cache.internal.LockOnDemandCrossProcessCacheAccess] Releasing file lock for artifact cache (D:\Year_3\Semester_2\Mobile\caches\modules-2)
2022-04-07T23:33:07.488+0700 [DEBUG] [org.gradle.cache.internal.btree.BTreePersistentIndexedCache] Closing cache module-metadata.bin (D:\Year_3\Semester_2\Mobile\caches\modules-2\metadata-2.97\module-metadata.bin)
2022-04-07T23:33:07.488+0700 [DEBUG] [org.gradle.cache.internal.btree.BTreePersistentIndexedCache] Closing cache module-artifact.bin (D:\Year_3\Semester_2\Mobile\caches\modules-2\metadata-2.97\module-artifact.bin)
2022-04-07T23:33:07.488+0700 [DEBUG] [org.gradle.cache.internal.btree.BTreePersistentIndexedCache] Closing cache module-artifacts.bin (D:\Year_3\Semester_2\Mobile\caches\modules-2\metadata-2.97\module-artifacts.bin)
2022-04-07T23:33:07.489+0700 [DEBUG] [org.gradle.cache.internal.DefaultFileLockManager] Releasing lock on artifact cache (D:\Year_3\Semester_2\Mobile\caches\modules-2).
2022-04-07T23:33:07.490+0700 [DEBUG] [org.gradle.cache.internal.DefaultPersistentDirectoryStore] artifact cache (D:\Year_3\Semester_2\Mobile\caches\modules-2) has last been fully cleaned up 6 hours ago
2022-04-07T23:33:07.490+0700 [DEBUG] [org.gradle.cache.internal.DefaultCacheAccess] Cache Generated Gradle JARs cache (D:\Year_3\Semester_2\Mobile\caches\7.0.2\generated-gradle-jars) was closed 0 times.
2022-04-07T23:33:07.491+0700 [DEBUG] [org.gradle.cache.internal.LockOnDemandCrossProcessCacheAccess] Releasing file lock for journal cache (D:\Year_3\Semester_2\Mobile\caches\journal-1)
2022-04-07T23:33:07.492+0700 [DEBUG] [org.gradle.cache.internal.btree.BTreePersistentIndexedCache] Closing cache file-access.bin (D:\Year_3\Semester_2\Mobile\caches\journal-1\file-access.bin)
2022-04-07T23:33:07.492+0700 [DEBUG] [org.gradle.cache.internal.DefaultFileLockManager] Releasing lock on journal cache (D:\Year_3\Semester_2\Mobile\caches\journal-1).
2022-04-07T23:33:07.494+0700 [DEBUG] [org.gradle.cache.internal.LockOnDemandCrossProcessCacheAccess] Releasing file lock for file hash cache (D:\Year_3\Semester_2\Mobile\caches\7.0.2\fileHashes)
2022-04-07T23:33:07.494+0700 [DEBUG] [org.gradle.cache.internal.btree.BTreePersistentIndexedCache] Closing cache fileHashes.bin (D:\Year_3\Semester_2\Mobile\caches\7.0.2\fileHashes\fileHashes.bin)
2022-04-07T23:33:07.494+0700 [DEBUG] [org.gradle.cache.internal.btree.BTreePersistentIndexedCache] Closing cache resourceHashesCache.bin (D:\Year_3\Semester_2\Mobile\caches\7.0.2\fileHashes\resourceHashesCache.bin)
2022-04-07T23:33:07.495+0700 [DEBUG] [org.gradle.cache.internal.DefaultFileLockManager] Releasing lock on file hash cache (D:\Year_3\Semester_2\Mobile\caches\7.0.2\fileHashes).
2022-04-07T23:33:07.496+0700 [DEBUG] [org.gradle.cache.internal.LockOnDemandCrossProcessCacheAccess] Releasing file lock for execution history cache (D:\Year_3\Semester_2\Mobile\caches\7.0.2\executionHistory)
2022-04-07T23:33:07.496+0700 [DEBUG] [org.gradle.cache.internal.btree.BTreePersistentIndexedCache] Closing cache executionHistory.bin (D:\Year_3\Semester_2\Mobile\caches\7.0.2\executionHistory\executionHistory.bin)
2022-04-07T23:33:07.496+0700 [DEBUG] [org.gradle.cache.internal.DefaultFileLockManager] Releasing lock on execution history cache (D:\Year_3\Semester_2\Mobile\caches\7.0.2\executionHistory).
Daemon vm is shutting down... The daemon has exited normally or was terminated in response to a user interrupt.
2022-04-07T23:33:07.500+0700 [DEBUG] [org.gradle.launcher.daemon.registry.PersistentDaemonRegistry] Removing daemon address: [44e47207-d142-4062-8559-d0b530d946a5 port:52232, addresses:[localhost/127.0.0.1]]
2022-04-07T23:33:07.500+0700 [DEBUG] [org.gradle.cache.internal.DefaultFileLockManager] Waiting to acquire exclusive lock on daemon addresses registry.
2022-04-07T23:33:07.501+0700 [DEBUG] [org.gradle.cache.internal.DefaultFileLockManager] Lock acquired on daemon addresses registry.
2022-04-07T23:33:07.502+0700 [DEBUG] [org.gradle.cache.internal.DefaultFileLockManager] Releasing lock on daemon addresses registry.
