2022-04-07T17:29:02.503+0700 [DEBUG] [org.gradle.launcher.daemon.bootstrap.DaemonMain] Assuming the daemon was started with following jvm opts: [--add-opens, java.base/java.util=ALL-UNNAMED, --add-opens, java.base/java.lang=ALL-UNNAMED, --add-opens, java.base/java.lang.invoke=ALL-UNNAMED, --add-opens, java.base/java.util=ALL-UNNAMED, --add-opens, java.prefs/java.util.prefs=ALL-UNNAMED, --add-opens, java.prefs/java.util.prefs=ALL-UNNAMED, --add-opens, java.base/java.nio.charset=ALL-UNNAMED, --add-opens, java.base/java.net=ALL-UNNAMED, --add-opens, java.base/java.util.concurrent.atomic=ALL-UNNAMED, -Xmx2048m, -Dfile.encoding=UTF-8, -Duser.country=US, -Duser.language=en, -Duser.variant]
2022-04-07T17:29:02.774+0700 [DEBUG] [org.gradle.internal.nativeintegration.services.NativeServices] Native-platform posix files integration is not available. Continuing with fallback.
2022-04-07T17:29:02.796+0700 [INFO] [org.gradle.launcher.daemon.server.Daemon] start() called on daemon - DefaultDaemonContext[uid=dbd26ca3-264d-4939-ab3a-6f34baee9781,javaHome=C:\Program Files\Android\Android Studio\jre,daemonRegistryDir=D:\Year_3\Semester_2\Mobile\daemon,pid=11600,idleTimeout=10800000,priority=NORMAL,daemonOpts=--add-opens,java.base/java.util=ALL-UNNAMED,--add-opens,java.base/java.lang=ALL-UNNAMED,--add-opens,java.base/java.lang.invoke=ALL-UNNAMED,--add-opens,java.base/java.util=ALL-UNNAMED,--add-opens,java.prefs/java.util.prefs=ALL-UNNAMED,--add-opens,java.prefs/java.util.prefs=ALL-UNNAMED,--add-opens,java.base/java.nio.charset=ALL-UNNAMED,--add-opens,java.base/java.net=ALL-UNNAMED,--add-opens,java.base/java.util.concurrent.atomic=ALL-UNNAMED,-Xmx2048m,-Dfile.encoding=UTF-8,-Duser.country=US,-Duser.language=en,-Duser.variant]
2022-04-07T17:29:03.248+0700 [DEBUG] [org.gradle.internal.remote.internal.inet.InetAddresses] Adding IP addresses for network interface Software Loopback Interface 1
2022-04-07T17:29:03.252+0700 [DEBUG] [org.gradle.internal.remote.internal.inet.InetAddresses] Is this a loopback interface? true
2022-04-07T17:29:03.252+0700 [DEBUG] [org.gradle.internal.remote.internal.inet.InetAddresses] Adding loopback address /127.0.0.1
2022-04-07T17:29:03.252+0700 [DEBUG] [org.gradle.internal.remote.internal.inet.InetAddresses] Adding loopback address /0:0:0:0:0:0:0:1
2022-04-07T17:29:03.256+0700 [DEBUG] [org.gradle.internal.remote.internal.inet.InetAddresses] Adding IP addresses for network interface Bluetooth Device (Personal Area Network)
2022-04-07T17:29:03.259+0700 [DEBUG] [org.gradle.internal.remote.internal.inet.InetAddresses] Is this a loopback interface? false
2022-04-07T17:29:03.259+0700 [DEBUG] [org.gradle.internal.remote.internal.inet.InetAddresses] Adding remote address /fe80:0:0:0:c98d:dec2:bf6b:3cfe%eth0
2022-04-07T17:29:03.260+0700 [DEBUG] [org.gradle.internal.remote.internal.inet.InetAddresses] Adding IP addresses for network interface Microsoft Wi-Fi Direct Virtual Adapter
2022-04-07T17:29:03.263+0700 [DEBUG] [org.gradle.internal.remote.internal.inet.InetAddresses] Is this a loopback interface? false
2022-04-07T17:29:03.263+0700 [DEBUG] [org.gradle.internal.remote.internal.inet.InetAddresses] Adding remote address /fe80:0:0:0:fd55:5b4c:b339:4ecc%wlan0
2022-04-07T17:29:03.264+0700 [DEBUG] [org.gradle.internal.remote.internal.inet.InetAddresses] Adding IP addresses for network interface Microsoft 6to4 Adapter
2022-04-07T17:29:03.267+0700 [DEBUG] [org.gradle.internal.remote.internal.inet.InetAddresses] Is this a loopback interface? false
2022-04-07T17:29:03.267+0700 [DEBUG] [org.gradle.internal.remote.internal.inet.InetAddresses] Adding IP addresses for network interface WAN Miniport (PPTP)
2022-04-07T17:29:03.270+0700 [DEBUG] [org.gradle.internal.remote.internal.inet.InetAddresses] Is this a loopback interface? false
2022-04-07T17:29:03.270+0700 [DEBUG] [org.gradle.internal.remote.internal.inet.InetAddresses] Adding IP addresses for network interface WAN Miniport (IKEv2)
2022-04-07T17:29:03.273+0700 [DEBUG] [org.gradle.internal.remote.internal.inet.InetAddresses] Is this a loopback interface? false
2022-04-07T17:29:03.273+0700 [DEBUG] [org.gradle.internal.remote.internal.inet.InetAddresses] Adding IP addresses for network interface MediaTek Wi-Fi 6 MT7921 Wireless LAN Card
2022-04-07T17:29:03.276+0700 [DEBUG] [org.gradle.internal.remote.internal.inet.InetAddresses] Is this a loopback interface? false
2022-04-07T17:29:03.277+0700 [DEBUG] [org.gradle.internal.remote.internal.inet.InetAddresses] Adding remote address /192.168.3.131
2022-04-07T17:29:03.277+0700 [DEBUG] [org.gradle.internal.remote.internal.inet.InetAddresses] Adding remote address /fe80:0:0:0:242c:696c:7142:cee7%wlan1
2022-04-07T17:29:03.277+0700 [DEBUG] [org.gradle.internal.remote.internal.inet.InetAddresses] Adding IP addresses for network interface Microsoft IP-HTTPS Platform Adapter
2022-04-07T17:29:03.280+0700 [DEBUG] [org.gradle.internal.remote.internal.inet.InetAddresses] Is this a loopback interface? false
2022-04-07T17:29:03.281+0700 [DEBUG] [org.gradle.internal.remote.internal.inet.InetAddresses] Adding IP addresses for network interface WireGuard Tunnel
2022-04-07T17:29:03.284+0700 [DEBUG] [org.gradle.internal.remote.internal.inet.InetAddresses] Is this a loopback interface? false
2022-04-07T17:29:03.284+0700 [DEBUG] [org.gradle.internal.remote.internal.inet.InetAddresses] Adding IP addresses for network interface WAN Miniport (SSTP)
2022-04-07T17:29:03.287+0700 [DEBUG] [org.gradle.internal.remote.internal.inet.InetAddresses] Is this a loopback interface? false
2022-04-07T17:29:03.288+0700 [DEBUG] [org.gradle.internal.remote.internal.inet.InetAddresses] Adding IP addresses for network interface WAN Miniport (L2TP)
2022-04-07T17:29:03.290+0700 [DEBUG] [org.gradle.internal.remote.internal.inet.InetAddresses] Is this a loopback interface? false
2022-04-07T17:29:03.291+0700 [DEBUG] [org.gradle.internal.remote.internal.inet.InetAddresses] Adding IP addresses for network interface WAN Miniport (IP)
2022-04-07T17:29:03.293+0700 [DEBUG] [org.gradle.internal.remote.internal.inet.InetAddresses] Is this a loopback interface? false
2022-04-07T17:29:03.293+0700 [DEBUG] [org.gradle.internal.remote.internal.inet.InetAddresses] Adding IP addresses for network interface Microsoft Teredo Tunneling Adapter
2022-04-07T17:29:03.297+0700 [DEBUG] [org.gradle.internal.remote.internal.inet.InetAddresses] Is this a loopback interface? false
2022-04-07T17:29:03.297+0700 [DEBUG] [org.gradle.internal.remote.internal.inet.InetAddresses] Adding IP addresses for network interface WAN Miniport (Network Monitor)
2022-04-07T17:29:03.301+0700 [DEBUG] [org.gradle.internal.remote.internal.inet.InetAddresses] Is this a loopback interface? false
2022-04-07T17:29:03.302+0700 [DEBUG] [org.gradle.internal.remote.internal.inet.InetAddresses] Adding IP addresses for network interface WAN Miniport (IPv6)
2022-04-07T17:29:03.304+0700 [DEBUG] [org.gradle.internal.remote.internal.inet.InetAddresses] Is this a loopback interface? false
2022-04-07T17:29:03.304+0700 [DEBUG] [org.gradle.internal.remote.internal.inet.InetAddresses] Adding IP addresses for network interface WAN Miniport (PPPOE)
2022-04-07T17:29:03.308+0700 [DEBUG] [org.gradle.internal.remote.internal.inet.InetAddresses] Is this a loopback interface? false
2022-04-07T17:29:03.308+0700 [DEBUG] [org.gradle.internal.remote.internal.inet.InetAddresses] Adding IP addresses for network interface Microsoft Wi-Fi Direct Virtual Adapter #2
2022-04-07T17:29:03.311+0700 [DEBUG] [org.gradle.internal.remote.internal.inet.InetAddresses] Is this a loopback interface? false
2022-04-07T17:29:03.311+0700 [DEBUG] [org.gradle.internal.remote.internal.inet.InetAddresses] Adding remote address /fe80:0:0:0:24a4:313:f9e6:f7a5%wlan2
2022-04-07T17:29:03.312+0700 [DEBUG] [org.gradle.internal.remote.internal.inet.InetAddresses] Adding IP addresses for network interface Realtek PCIe GbE Family Controller
2022-04-07T17:29:03.314+0700 [DEBUG] [org.gradle.internal.remote.internal.inet.InetAddresses] Is this a loopback interface? false
2022-04-07T17:29:03.315+0700 [DEBUG] [org.gradle.internal.remote.internal.inet.InetAddresses] Adding remote address /fe80:0:0:0:ad97:bbe0:c949:6e51%eth4
2022-04-07T17:29:03.315+0700 [DEBUG] [org.gradle.internal.remote.internal.inet.InetAddresses] Adding IP addresses for network interface RAS Async Adapter
2022-04-07T17:29:03.318+0700 [DEBUG] [org.gradle.internal.remote.internal.inet.InetAddresses] Is this a loopback interface? false
2022-04-07T17:29:03.318+0700 [DEBUG] [org.gradle.internal.remote.internal.inet.InetAddresses] Adding IP addresses for network interface Realtek PCIe GbE Family Controller-WFP Native MAC Layer LightWeight Filter-0000
2022-04-07T17:29:03.321+0700 [DEBUG] [org.gradle.internal.remote.internal.inet.InetAddresses] Is this a loopback interface? false
2022-04-07T17:29:03.321+0700 [DEBUG] [org.gradle.internal.remote.internal.inet.InetAddresses] Adding IP addresses for network interface Realtek PCIe GbE Family Controller-QoS Packet Scheduler-0000
2022-04-07T17:29:03.324+0700 [DEBUG] [org.gradle.internal.remote.internal.inet.InetAddresses] Is this a loopback interface? false
2022-04-07T17:29:03.324+0700 [DEBUG] [org.gradle.internal.remote.internal.inet.InetAddresses] Adding IP addresses for network interface Realtek PCIe GbE Family Controller-WFP 802.3 MAC Layer LightWeight Filter-0000
2022-04-07T17:29:03.327+0700 [DEBUG] [org.gradle.internal.remote.internal.inet.InetAddresses] Is this a loopback interface? false
2022-04-07T17:29:03.328+0700 [DEBUG] [org.gradle.internal.remote.internal.inet.InetAddresses] Adding IP addresses for network interface MediaTek Wi-Fi 6 MT7921 Wireless LAN Card-WFP Native MAC Layer LightWeight Filter-0000
2022-04-07T17:29:03.330+0700 [DEBUG] [org.gradle.internal.remote.internal.inet.InetAddresses] Is this a loopback interface? false
2022-04-07T17:29:03.331+0700 [DEBUG] [org.gradle.internal.remote.internal.inet.InetAddresses] Adding IP addresses for network interface MediaTek Wi-Fi 6 MT7921 Wireless LAN Card-Virtual WiFi Filter Driver-0000
2022-04-07T17:29:03.334+0700 [DEBUG] [org.gradle.internal.remote.internal.inet.InetAddresses] Is this a loopback interface? false
2022-04-07T17:29:03.334+0700 [DEBUG] [org.gradle.internal.remote.internal.inet.InetAddresses] Adding IP addresses for network interface MediaTek Wi-Fi 6 MT7921 Wireless LAN Card-Native WiFi Filter Driver-0000
2022-04-07T17:29:03.337+0700 [DEBUG] [org.gradle.internal.remote.internal.inet.InetAddresses] Is this a loopback interface? false
2022-04-07T17:29:03.338+0700 [DEBUG] [org.gradle.internal.remote.internal.inet.InetAddresses] Adding IP addresses for network interface MediaTek Wi-Fi 6 MT7921 Wireless LAN Card-QoS Packet Scheduler-0000
2022-04-07T17:29:03.340+0700 [DEBUG] [org.gradle.internal.remote.internal.inet.InetAddresses] Is this a loopback interface? false
2022-04-07T17:29:03.341+0700 [DEBUG] [org.gradle.internal.remote.internal.inet.InetAddresses] Adding IP addresses for network interface MediaTek Wi-Fi 6 MT7921 Wireless LAN Card-WFP 802.3 MAC Layer LightWeight Filter-0000
2022-04-07T17:29:03.344+0700 [DEBUG] [org.gradle.internal.remote.internal.inet.InetAddresses] Is this a loopback interface? false
2022-04-07T17:29:03.344+0700 [DEBUG] [org.gradle.internal.remote.internal.inet.InetAddresses] Adding IP addresses for network interface Microsoft Wi-Fi Direct Virtual Adapter-WFP Native MAC Layer LightWeight Filter-0000
2022-04-07T17:29:03.347+0700 [DEBUG] [org.gradle.internal.remote.internal.inet.InetAddresses] Is this a loopback interface? false
2022-04-07T17:29:03.347+0700 [DEBUG] [org.gradle.internal.remote.internal.inet.InetAddresses] Adding IP addresses for network interface Microsoft Wi-Fi Direct Virtual Adapter-Native WiFi Filter Driver-0000
2022-04-07T17:29:03.350+0700 [DEBUG] [org.gradle.internal.remote.internal.inet.InetAddresses] Is this a loopback interface? false
2022-04-07T17:29:03.350+0700 [DEBUG] [org.gradle.internal.remote.internal.inet.InetAddresses] Adding IP addresses for network interface WAN Miniport (IP)-WFP Native MAC Layer LightWeight Filter-0000
2022-04-07T17:29:03.353+0700 [DEBUG] [org.gradle.internal.remote.internal.inet.InetAddresses] Is this a loopback interface? false
2022-04-07T17:29:03.353+0700 [DEBUG] [org.gradle.internal.remote.internal.inet.InetAddresses] Adding IP addresses for network interface WAN Miniport (IP)-QoS Packet Scheduler-0000
2022-04-07T17:29:03.356+0700 [DEBUG] [org.gradle.internal.remote.internal.inet.InetAddresses] Is this a loopback interface? false
2022-04-07T17:29:03.357+0700 [DEBUG] [org.gradle.internal.remote.internal.inet.InetAddresses] Adding IP addresses for network interface WAN Miniport (IPv6)-WFP Native MAC Layer LightWeight Filter-0000
2022-04-07T17:29:03.360+0700 [DEBUG] [org.gradle.internal.remote.internal.inet.InetAddresses] Is this a loopback interface? false
2022-04-07T17:29:03.360+0700 [DEBUG] [org.gradle.internal.remote.internal.inet.InetAddresses] Adding IP addresses for network interface WAN Miniport (IPv6)-QoS Packet Scheduler-0000
2022-04-07T17:29:03.363+0700 [DEBUG] [org.gradle.internal.remote.internal.inet.InetAddresses] Is this a loopback interface? false
2022-04-07T17:29:03.363+0700 [DEBUG] [org.gradle.internal.remote.internal.inet.InetAddresses] Adding IP addresses for network interface WAN Miniport (Network Monitor)-WFP Native MAC Layer LightWeight Filter-0000
2022-04-07T17:29:03.365+0700 [DEBUG] [org.gradle.internal.remote.internal.inet.InetAddresses] Is this a loopback interface? false
2022-04-07T17:29:03.366+0700 [DEBUG] [org.gradle.internal.remote.internal.inet.InetAddresses] Adding IP addresses for network interface WAN Miniport (Network Monitor)-QoS Packet Scheduler-0000
2022-04-07T17:29:03.369+0700 [DEBUG] [org.gradle.internal.remote.internal.inet.InetAddresses] Is this a loopback interface? false
2022-04-07T17:29:03.369+0700 [DEBUG] [org.gradle.internal.remote.internal.inet.InetAddresses] Adding IP addresses for network interface Microsoft Wi-Fi Direct Virtual Adapter-QoS Packet Scheduler-0000
2022-04-07T17:29:03.372+0700 [DEBUG] [org.gradle.internal.remote.internal.inet.InetAddresses] Is this a loopback interface? false
2022-04-07T17:29:03.372+0700 [DEBUG] [org.gradle.internal.remote.internal.inet.InetAddresses] Adding IP addresses for network interface Microsoft Wi-Fi Direct Virtual Adapter-WFP 802.3 MAC Layer LightWeight Filter-0000
2022-04-07T17:29:03.375+0700 [DEBUG] [org.gradle.internal.remote.internal.inet.InetAddresses] Is this a loopback interface? false
2022-04-07T17:29:03.375+0700 [DEBUG] [org.gradle.internal.remote.internal.inet.InetAddresses] Adding IP addresses for network interface Microsoft Wi-Fi Direct Virtual Adapter #2-WFP Native MAC Layer LightWeight Filter-0000
2022-04-07T17:29:03.378+0700 [DEBUG] [org.gradle.internal.remote.internal.inet.InetAddresses] Is this a loopback interface? false
2022-04-07T17:29:03.378+0700 [DEBUG] [org.gradle.internal.remote.internal.inet.InetAddresses] Adding IP addresses for network interface Microsoft Wi-Fi Direct Virtual Adapter #2-Native WiFi Filter Driver-0000
2022-04-07T17:29:03.381+0700 [DEBUG] [org.gradle.internal.remote.internal.inet.InetAddresses] Is this a loopback interface? false
2022-04-07T17:29:03.381+0700 [DEBUG] [org.gradle.internal.remote.internal.inet.InetAddresses] Adding IP addresses for network interface Microsoft Wi-Fi Direct Virtual Adapter #2-QoS Packet Scheduler-0000
2022-04-07T17:29:03.384+0700 [DEBUG] [org.gradle.internal.remote.internal.inet.InetAddresses] Is this a loopback interface? false
2022-04-07T17:29:03.384+0700 [DEBUG] [org.gradle.internal.remote.internal.inet.InetAddresses] Adding IP addresses for network interface Microsoft Wi-Fi Direct Virtual Adapter #2-WFP 802.3 MAC Layer LightWeight Filter-0000
2022-04-07T17:29:03.387+0700 [DEBUG] [org.gradle.internal.remote.internal.inet.InetAddresses] Is this a loopback interface? false
2022-04-07T17:29:03.390+0700 [DEBUG] [org.gradle.internal.remote.internal.inet.TcpIncomingConnector] Listening on [0133f205-96dc-4f46-9dfe-a8808d5c72ac port:50865, addresses:[localhost/127.0.0.1]].
2022-04-07T17:29:03.402+0700 [DEBUG] [org.gradle.launcher.daemon.server.Daemon] Daemon starting at: Thu Apr 07 17:29:03 ICT 2022, with address: [0133f205-96dc-4f46-9dfe-a8808d5c72ac port:50865, addresses:[localhost/127.0.0.1]]
2022-04-07T17:29:03.402+0700 [INFO] [org.gradle.launcher.daemon.server.DaemonRegistryUpdater] Advertising the daemon address to the clients: [0133f205-96dc-4f46-9dfe-a8808d5c72ac port:50865, addresses:[localhost/127.0.0.1]]
2022-04-07T17:29:03.403+0700 [DEBUG] [org.gradle.launcher.daemon.server.DaemonRegistryUpdater] Advertised daemon context: DefaultDaemonContext[uid=dbd26ca3-264d-4939-ab3a-6f34baee9781,javaHome=C:\Program Files\Android\Android Studio\jre,daemonRegistryDir=D:\Year_3\Semester_2\Mobile\daemon,pid=11600,idleTimeout=10800000,priority=NORMAL,daemonOpts=--add-opens,java.base/java.util=ALL-UNNAMED,--add-opens,java.base/java.lang=ALL-UNNAMED,--add-opens,java.base/java.lang.invoke=ALL-UNNAMED,--add-opens,java.base/java.util=ALL-UNNAMED,--add-opens,java.prefs/java.util.prefs=ALL-UNNAMED,--add-opens,java.prefs/java.util.prefs=ALL-UNNAMED,--add-opens,java.base/java.nio.charset=ALL-UNNAMED,--add-opens,java.base/java.net=ALL-UNNAMED,--add-opens,java.base/java.util.concurrent.atomic=ALL-UNNAMED,-Xmx2048m,-Dfile.encoding=UTF-8,-Duser.country=US,-Duser.language=en,-Duser.variant]
2022-04-07T17:29:03.405+0700 [DEBUG] [org.gradle.launcher.daemon.registry.PersistentDaemonRegistry] Storing daemon address: [0133f205-96dc-4f46-9dfe-a8808d5c72ac port:50865, addresses:[localhost/127.0.0.1]], context: DefaultDaemonContext[uid=dbd26ca3-264d-4939-ab3a-6f34baee9781,javaHome=C:\Program Files\Android\Android Studio\jre,daemonRegistryDir=D:\Year_3\Semester_2\Mobile\daemon,pid=11600,idleTimeout=10800000,priority=NORMAL,daemonOpts=--add-opens,java.base/java.util=ALL-UNNAMED,--add-opens,java.base/java.lang=ALL-UNNAMED,--add-opens,java.base/java.lang.invoke=ALL-UNNAMED,--add-opens,java.base/java.util=ALL-UNNAMED,--add-opens,java.prefs/java.util.prefs=ALL-UNNAMED,--add-opens,java.prefs/java.util.prefs=ALL-UNNAMED,--add-opens,java.base/java.nio.charset=ALL-UNNAMED,--add-opens,java.base/java.net=ALL-UNNAMED,--add-opens,java.base/java.util.concurrent.atomic=ALL-UNNAMED,-Xmx2048m,-Dfile.encoding=UTF-8,-Duser.country=US,-Duser.language=en,-Duser.variant]
2022-04-07T17:29:03.416+0700 [DEBUG] [org.gradle.cache.internal.DefaultFileLockManager] Waiting to acquire exclusive lock on daemon addresses registry.
2022-04-07T17:29:03.420+0700 [DEBUG] [org.gradle.cache.internal.DefaultFileLockManager] Lock acquired on daemon addresses registry.
2022-04-07T17:29:03.426+0700 [DEBUG] [org.gradle.cache.internal.DefaultFileLockManager] Releasing lock on daemon addresses registry.
2022-04-07T17:29:03.427+0700 [LIFECYCLE] [org.gradle.launcher.daemon.server.Daemon] Daemon server started.
2022-04-07T17:29:03.429+0700 [DEBUG] [org.gradle.launcher.daemon.bootstrap.DaemonStartupCommunication] Completed writing the daemon greeting. Closing streams...
2022-04-07T17:29:03.437+0700 [DEBUG] [org.gradle.launcher.daemon.server.Daemon] stopOnExpiration() called on daemon
2022-04-07T17:29:03.438+0700 [DEBUG] [org.gradle.launcher.daemon.server.Daemon] awaitExpiration() called on daemon
2022-04-07T17:29:03.439+0700 [DEBUG] [org.gradle.launcher.daemon.server.DaemonStateCoordinator] daemon is running. Sleeping until state changes.
2022-04-07T17:29:03.444+0700 [DEBUG] [org.gradle.internal.remote.internal.inet.TcpIncomingConnector] Accepted connection from /127.0.0.1:50866 to /127.0.0.1:50865.
2022-04-07T17:29:03.571+0700 [DEBUG] [org.gradle.launcher.daemon.server.SynchronizedDispatchConnection] thread 20: received class org.gradle.launcher.daemon.protocol.Build
2022-04-07T17:29:03.572+0700 [DEBUG] [org.gradle.launcher.daemon.server.DefaultDaemonConnection] thread 20: Received non-IO message from client: Build{id=4983cbe8-9221-4330-a957-17db7cdd5095, currentDir=C:\Users\khai\Downloads\BTL-Android-SieuThi\SieuThi}
2022-04-07T17:29:03.572+0700 [INFO] [org.gradle.launcher.daemon.server.DefaultIncomingConnectionHandler] Received command: Build{id=4983cbe8-9221-4330-a957-17db7cdd5095, currentDir=C:\Users\khai\Downloads\BTL-Android-SieuThi\SieuThi}.
2022-04-07T17:29:03.573+0700 [DEBUG] [org.gradle.launcher.daemon.server.DefaultIncomingConnectionHandler] Starting executing command: Build{id=4983cbe8-9221-4330-a957-17db7cdd5095, currentDir=C:\Users\khai\Downloads\BTL-Android-SieuThi\SieuThi} with connection: socket connection from /127.0.0.1:50865 to /127.0.0.1:50866.
2022-04-07T17:29:03.577+0700 [DEBUG] [org.gradle.launcher.daemon.server.DaemonStateCoordinator] Command execution: started DaemonCommandExecution[command = Build{id=4983cbe8-9221-4330-a957-17db7cdd5095, currentDir=C:\Users\khai\Downloads\BTL-Android-SieuThi\SieuThi}, connection = DefaultDaemonConnection: socket connection from /127.0.0.1:50865 to /127.0.0.1:50866] after 0.0 minutes of idle
2022-04-07T17:29:03.577+0700 [INFO] [org.gradle.launcher.daemon.server.DaemonRegistryUpdater] Marking the daemon as busy, address: [0133f205-96dc-4f46-9dfe-a8808d5c72ac port:50865, addresses:[localhost/127.0.0.1]]
2022-04-07T17:29:03.577+0700 [DEBUG] [org.gradle.launcher.daemon.registry.PersistentDaemonRegistry] Marking busy by address: [0133f205-96dc-4f46-9dfe-a8808d5c72ac port:50865, addresses:[localhost/127.0.0.1]]
2022-04-07T17:29:03.579+0700 [DEBUG] [org.gradle.cache.internal.DefaultFileLockManager] Waiting to acquire exclusive lock on daemon addresses registry.
2022-04-07T17:29:03.580+0700 [DEBUG] [org.gradle.cache.internal.DefaultFileLockManager] Lock acquired on daemon addresses registry.
2022-04-07T17:29:03.581+0700 [DEBUG] [org.gradle.cache.internal.DefaultFileLockManager] Releasing lock on daemon addresses registry.
2022-04-07T17:29:03.581+0700 [DEBUG] [org.gradle.launcher.daemon.server.DaemonStateCoordinator] resetting idle timer
2022-04-07T17:29:03.582+0700 [DEBUG] [org.gradle.launcher.daemon.server.DaemonStateCoordinator] daemon is running. Sleeping until state changes.
2022-04-07T17:29:03.583+0700 [INFO] [org.gradle.launcher.daemon.server.exec.StartBuildOrRespondWithBusy] Daemon is about to start building Build{id=4983cbe8-9221-4330-a957-17db7cdd5095, currentDir=C:\Users\khai\Downloads\BTL-Android-SieuThi\SieuThi}. Dispatching build started information...
2022-04-07T17:29:03.584+0700 [DEBUG] [org.gradle.launcher.daemon.server.SynchronizedDispatchConnection] thread 22: dispatching org.gradle.launcher.daemon.protocol.BuildStarted@1de8331f
2022-04-07T17:29:03.587+0700 [DEBUG] [org.gradle.launcher.daemon.server.exec.EstablishBuildEnvironment] Configuring env variables: [USERDOMAIN_ROAMINGPROFILE, LOCALAPPDATA, PROCESSOR_LEVEL, USERDOMAIN, LOGONSERVER, FPS_BROWSER_APP_PROFILE_STRING, SESSIONNAME, ALLUSERSPROFILE, PROCESSOR_ARCHITECTURE, PSModulePath, SystemDrive, OneDrive, APPDATA, MOZ_PLUGIN_PATH, USERNAME, ProgramFiles(x86), CommonProgramFiles, Path, FPS_BROWSER_USER_PROFILE_STRING, PATHEXT, DriverData, OS, OneDriveConsumer, COMPUTERNAME, PROCESSOR_REVISION, CommonProgramW6432, ComSpec, ProgramData, ProgramW6432, SystemRoot, HOMEPATH, TEMP, PROCESSOR_IDENTIFIER, HOMEDRIVE, USERPROFILE, TMP, CommonProgramFiles(x86), ProgramFiles, PUBLIC, windir, NUMBER_OF_PROCESSORS, =::, IDEA_INITIAL_DIRECTORY]
2022-04-07T17:29:03.590+0700 [DEBUG] [org.gradle.launcher.daemon.server.SynchronizedDispatchConnection] thread 20: received class org.gradle.launcher.daemon.protocol.CloseInput
2022-04-07T17:29:03.590+0700 [DEBUG] [org.gradle.launcher.daemon.server.DefaultDaemonConnection] thread 20: Received IO message from client: org.gradle.launcher.daemon.protocol.CloseInput@3edb8e4f
2022-04-07T17:29:03.596+0700 [DEBUG] [org.gradle.launcher.daemon.server.exec.LogToClient] About to start relaying all logs to the client via the connection.
2022-04-07T17:29:03.596+0700 [INFO] [org.gradle.launcher.daemon.server.exec.LogToClient] The client will now receive all logging from the daemon (pid: 11600). The daemon log file: D:\Year_3\Semester_2\Mobile\daemon\7.0.2\daemon-11600.out.log
2022-04-07T17:29:03.600+0700 [INFO] [org.gradle.launcher.daemon.server.exec.LogAndCheckHealth] Starting build in new daemon [memory: 2 GiB]
2022-04-07T17:29:03.604+0700 [INFO] [org.gradle.launcher.daemon.server.exec.ForwardClientInput] Closing daemon's stdin at end of input.
2022-04-07T17:29:03.604+0700 [INFO] [org.gradle.launcher.daemon.server.exec.ForwardClientInput] The daemon will no longer process any standard input.
2022-04-07T17:29:03.612+0700 [DEBUG] [org.gradle.launcher.daemon.server.exec.ExecuteBuild] The daemon has started executing the build.
2022-04-07T17:29:03.613+0700 [DEBUG] [org.gradle.launcher.daemon.server.exec.ExecuteBuild] Executing build with daemon context: DefaultDaemonContext[uid=dbd26ca3-264d-4939-ab3a-6f34baee9781,javaHome=C:\Program Files\Android\Android Studio\jre,daemonRegistryDir=D:\Year_3\Semester_2\Mobile\daemon,pid=11600,idleTimeout=10800000,priority=NORMAL,daemonOpts=--add-opens,java.base/java.util=ALL-UNNAMED,--add-opens,java.base/java.lang=ALL-UNNAMED,--add-opens,java.base/java.lang.invoke=ALL-UNNAMED,--add-opens,java.base/java.util=ALL-UNNAMED,--add-opens,java.prefs/java.util.prefs=ALL-UNNAMED,--add-opens,java.prefs/java.util.prefs=ALL-UNNAMED,--add-opens,java.base/java.nio.charset=ALL-UNNAMED,--add-opens,java.base/java.net=ALL-UNNAMED,--add-opens,java.base/java.util.concurrent.atomic=ALL-UNNAMED,-Xmx2048m,-Dfile.encoding=UTF-8,-Duser.country=US,-Duser.language=en,-Duser.variant]

Deprecated Gradle features were used in this build, making it incompatible with Gradle 8.0.
Use '--warning-mode all' to show the individual deprecation warnings.
See https://docs.gradle.org/7.0.2/userguide/command_line_interface.html#sec:command_line_warnings

BUILD SUCCESSFUL in 35s
2022-04-07T17:29:29.984+0700 [DEBUG] [org.gradle.launcher.daemon.server.exec.ExecuteBuild] The daemon has finished executing the build.
2022-04-07T17:29:29.999+0700 [DEBUG] [org.gradle.launcher.daemon.server.DaemonStateCoordinator] daemon is running. Sleeping until state changes.
2022-04-07T17:29:29.999+0700 [DEBUG] [org.gradle.launcher.daemon.server.DaemonStateCoordinator] Command execution: finished waiting for DaemonCommandExecution[command = Build{id=4983cbe8-9221-4330-a957-17db7cdd5095, currentDir=C:\Users\khai\Downloads\BTL-Android-SieuThi\SieuThi}, connection = DefaultDaemonConnection: socket connection from /127.0.0.1:50865 to /127.0.0.1:50866]. Result org.gradle.launcher.daemon.server.DaemonStateCoordinator@2b060bb2 with state Busy
2022-04-07T17:29:30.000+0700 [DEBUG] [org.gradle.launcher.daemon.server.DaemonStateCoordinator] Command execution: completed DaemonCommandExecution[command = Build{id=4983cbe8-9221-4330-a957-17db7cdd5095, currentDir=C:\Users\khai\Downloads\BTL-Android-SieuThi\SieuThi}, connection = DefaultDaemonConnection: socket connection from /127.0.0.1:50865 to /127.0.0.1:50866]
2022-04-07T17:29:30.000+0700 [DEBUG] [org.gradle.launcher.daemon.server.DaemonStateCoordinator] resetting idle timer
2022-04-07T17:29:30.000+0700 [INFO] [org.gradle.launcher.daemon.server.DaemonRegistryUpdater] Marking the daemon as idle, address: [0133f205-96dc-4f46-9dfe-a8808d5c72ac port:50865, addresses:[localhost/127.0.0.1]]
2022-04-07T17:29:30.000+0700 [DEBUG] [org.gradle.launcher.daemon.registry.PersistentDaemonRegistry] Marking busy by address: [0133f205-96dc-4f46-9dfe-a8808d5c72ac port:50865, addresses:[localhost/127.0.0.1]]
2022-04-07T17:29:30.001+0700 [DEBUG] [org.gradle.cache.internal.DefaultFileLockManager] Waiting to acquire exclusive lock on daemon addresses registry.
2022-04-07T17:29:30.002+0700 [DEBUG] [org.gradle.cache.internal.DefaultFileLockManager] Lock acquired on daemon addresses registry.
2022-04-07T17:29:30.004+0700 [DEBUG] [org.gradle.cache.internal.DefaultFileLockManager] Releasing lock on daemon addresses registry.
2022-04-07T17:29:30.005+0700 [DEBUG] [org.gradle.launcher.daemon.server.DaemonStateCoordinator] daemon is running. Sleeping until state changes.
2022-04-07T17:29:30.005+0700 [DEBUG] [org.gradle.launcher.daemon.server.exec.ReturnResult] Daemon is dispatching the build result: Success[value=org.gradle.launcher.exec.BuildActionResult@46229d75]
2022-04-07T17:29:30.005+0700 [DEBUG] [org.gradle.launcher.daemon.server.SynchronizedDispatchConnection] thread 19: dispatching Success[value=org.gradle.launcher.exec.BuildActionResult@46229d75]
2022-04-07T17:29:30.006+0700 [DEBUG] [org.gradle.launcher.daemon.server.DefaultIncomingConnectionHandler] Finishing executing command: Build{id=4983cbe8-9221-4330-a957-17db7cdd5095, currentDir=C:\Users\khai\Downloads\BTL-Android-SieuThi\SieuThi}
2022-04-07T17:29:30.143+0700 [DEBUG] [org.gradle.launcher.daemon.server.SynchronizedDispatchConnection] thread 20: received class org.gradle.launcher.daemon.protocol.Finished
2022-04-07T17:29:30.143+0700 [DEBUG] [org.gradle.launcher.daemon.server.DefaultDaemonConnection] thread 20: Received non-IO message from client: org.gradle.launcher.daemon.protocol.Finished@9e7f781
2022-04-07T17:29:30.143+0700 [DEBUG] [org.gradle.launcher.daemon.server.DefaultIncomingConnectionHandler] Received finished message: org.gradle.launcher.daemon.protocol.Finished@9e7f781
2022-04-07T17:29:30.144+0700 [DEBUG] [org.gradle.launcher.daemon.server.SynchronizedDispatchConnection] thread 19: stopping connection
2022-04-07T17:29:30.144+0700 [DEBUG] [org.gradle.internal.remote.internal.inet.SocketConnection] Discarding EOFException: java.io.EOFException
2022-04-07T17:29:30.144+0700 [DEBUG] [org.gradle.launcher.daemon.server.SynchronizedDispatchConnection] thread 20: received null
2022-04-07T17:29:30.145+0700 [DEBUG] [org.gradle.launcher.daemon.server.DefaultDaemonConnection] thread 20: Received end-of-input from client.
2022-04-07T17:29:30.146+0700 [DEBUG] [org.gradle.launcher.daemon.server.SynchronizedDispatchConnection] thread 19: stopping connection
2022-04-07T17:29:33.456+0700 [DEBUG] [org.gradle.cache.internal.DefaultFileLockManager] Waiting to acquire shared lock on daemon addresses registry.
2022-04-07T17:29:33.456+0700 [DEBUG] [org.gradle.cache.internal.DefaultFileLockManager] Lock acquired on daemon addresses registry.
2022-04-07T17:29:33.457+0700 [DEBUG] [org.gradle.cache.internal.DefaultFileLockManager] Releasing lock on daemon addresses registry.
2022-04-07T17:29:33.458+0700 [DEBUG] [org.gradle.cache.internal.DefaultFileLockManager] Waiting to acquire shared lock on daemon addresses registry.
2022-04-07T17:29:33.459+0700 [DEBUG] [org.gradle.cache.internal.DefaultFileLockManager] Lock acquired on daemon addresses registry.
2022-04-07T17:29:33.459+0700 [DEBUG] [org.gradle.cache.internal.DefaultFileLockManager] Releasing lock on daemon addresses registry.
2022-04-07T17:29:40.284+0700 [DEBUG] [org.gradle.internal.remote.internal.inet.TcpIncomingConnector] Accepted connection from /127.0.0.1:50896 to /127.0.0.1:50865.
2022-04-07T17:29:40.294+0700 [DEBUG] [org.gradle.launcher.daemon.server.SynchronizedDispatchConnection] thread 75: received class org.gradle.launcher.daemon.protocol.Build
2022-04-07T17:29:40.294+0700 [DEBUG] [org.gradle.launcher.daemon.server.DefaultDaemonConnection] thread 75: Received non-IO message from client: Build{id=ede7f56e-be29-4358-b9c5-062a3e3667c6, currentDir=C:\Users\khai\Downloads\BTL-Android-SieuThi\SieuThi}
2022-04-07T17:29:40.294+0700 [INFO] [org.gradle.launcher.daemon.server.DefaultIncomingConnectionHandler] Received command: Build{id=ede7f56e-be29-4358-b9c5-062a3e3667c6, currentDir=C:\Users\khai\Downloads\BTL-Android-SieuThi\SieuThi}.
2022-04-07T17:29:40.294+0700 [DEBUG] [org.gradle.launcher.daemon.server.DefaultIncomingConnectionHandler] Starting executing command: Build{id=ede7f56e-be29-4358-b9c5-062a3e3667c6, currentDir=C:\Users\khai\Downloads\BTL-Android-SieuThi\SieuThi} with connection: socket connection from /127.0.0.1:50865 to /127.0.0.1:50896.
2022-04-07T17:29:40.295+0700 [DEBUG] [org.gradle.launcher.daemon.server.DaemonStateCoordinator] Command execution: started DaemonCommandExecution[command = Build{id=ede7f56e-be29-4358-b9c5-062a3e3667c6, currentDir=C:\Users\khai\Downloads\BTL-Android-SieuThi\SieuThi}, connection = DefaultDaemonConnection: socket connection from /127.0.0.1:50865 to /127.0.0.1:50896] after 0.0 minutes of idle
2022-04-07T17:29:40.296+0700 [INFO] [org.gradle.launcher.daemon.server.DaemonRegistryUpdater] Marking the daemon as busy, address: [0133f205-96dc-4f46-9dfe-a8808d5c72ac port:50865, addresses:[localhost/127.0.0.1]]
2022-04-07T17:29:40.296+0700 [DEBUG] [org.gradle.launcher.daemon.registry.PersistentDaemonRegistry] Marking busy by address: [0133f205-96dc-4f46-9dfe-a8808d5c72ac port:50865, addresses:[localhost/127.0.0.1]]
2022-04-07T17:29:40.296+0700 [DEBUG] [org.gradle.cache.internal.DefaultFileLockManager] Waiting to acquire exclusive lock on daemon addresses registry.
2022-04-07T17:29:40.297+0700 [DEBUG] [org.gradle.cache.internal.DefaultFileLockManager] Lock acquired on daemon addresses registry.
2022-04-07T17:29:40.298+0700 [DEBUG] [org.gradle.cache.internal.DefaultFileLockManager] Releasing lock on daemon addresses registry.
2022-04-07T17:29:40.299+0700 [DEBUG] [org.gradle.launcher.daemon.server.DaemonStateCoordinator] resetting idle timer
2022-04-07T17:29:40.299+0700 [DEBUG] [org.gradle.launcher.daemon.server.DaemonStateCoordinator] daemon is running. Sleeping until state changes.
2022-04-07T17:29:40.299+0700 [INFO] [org.gradle.launcher.daemon.server.exec.StartBuildOrRespondWithBusy] Daemon is about to start building Build{id=ede7f56e-be29-4358-b9c5-062a3e3667c6, currentDir=C:\Users\khai\Downloads\BTL-Android-SieuThi\SieuThi}. Dispatching build started information...
2022-04-07T17:29:40.300+0700 [DEBUG] [org.gradle.launcher.daemon.server.SynchronizedDispatchConnection] thread 22: dispatching org.gradle.launcher.daemon.protocol.BuildStarted@61e0824d
2022-04-07T17:29:40.301+0700 [DEBUG] [org.gradle.launcher.daemon.server.exec.EstablishBuildEnvironment] Configuring env variables: [USERDOMAIN_ROAMINGPROFILE, LOCALAPPDATA, PROCESSOR_LEVEL, USERDOMAIN, LOGONSERVER, FPS_BROWSER_APP_PROFILE_STRING, SESSIONNAME, ALLUSERSPROFILE, PROCESSOR_ARCHITECTURE, PSModulePath, SystemDrive, OneDrive, APPDATA, MOZ_PLUGIN_PATH, USERNAME, ProgramFiles(x86), CommonProgramFiles, Path, FPS_BROWSER_USER_PROFILE_STRING, PATHEXT, DriverData, OS, OneDriveConsumer, COMPUTERNAME, PROCESSOR_REVISION, CommonProgramW6432, ComSpec, ProgramData, ProgramW6432, SystemRoot, HOMEPATH, TEMP, PROCESSOR_IDENTIFIER, HOMEDRIVE, USERPROFILE, TMP, CommonProgramFiles(x86), ProgramFiles, PUBLIC, windir, NUMBER_OF_PROCESSORS, =::, IDEA_INITIAL_DIRECTORY]
2022-04-07T17:29:40.301+0700 [DEBUG] [org.gradle.launcher.daemon.server.SynchronizedDispatchConnection] thread 75: received class org.gradle.launcher.daemon.protocol.CloseInput
2022-04-07T17:29:40.301+0700 [DEBUG] [org.gradle.launcher.daemon.server.DefaultDaemonConnection] thread 75: Received IO message from client: org.gradle.launcher.daemon.protocol.CloseInput@4f1e7afa
2022-04-07T17:29:40.303+0700 [DEBUG] [org.gradle.launcher.daemon.server.exec.LogToClient] About to start relaying all logs to the client via the connection.
2022-04-07T17:29:40.303+0700 [INFO] [org.gradle.launcher.daemon.server.exec.LogToClient] The client will now receive all logging from the daemon (pid: 11600). The daemon log file: D:\Year_3\Semester_2\Mobile\daemon\7.0.2\daemon-11600.out.log
2022-04-07T17:29:40.304+0700 [INFO] [org.gradle.launcher.daemon.server.exec.LogAndCheckHealth] Starting 2nd build in daemon [uptime: 37.713 secs, performance: 100%]
2022-04-07T17:29:40.304+0700 [DEBUG] [org.gradle.launcher.daemon.server.exec.ExecuteBuild] The daemon has started executing the build.
2022-04-07T17:29:40.304+0700 [INFO] [org.gradle.launcher.daemon.server.exec.ForwardClientInput] Closing daemon's stdin at end of input.
2022-04-07T17:29:40.304+0700 [DEBUG] [org.gradle.launcher.daemon.server.exec.ExecuteBuild] Executing build with daemon context: DefaultDaemonContext[uid=dbd26ca3-264d-4939-ab3a-6f34baee9781,javaHome=C:\Program Files\Android\Android Studio\jre,daemonRegistryDir=D:\Year_3\Semester_2\Mobile\daemon,pid=11600,idleTimeout=10800000,priority=NORMAL,daemonOpts=--add-opens,java.base/java.util=ALL-UNNAMED,--add-opens,java.base/java.lang=ALL-UNNAMED,--add-opens,java.base/java.lang.invoke=ALL-UNNAMED,--add-opens,java.base/java.util=ALL-UNNAMED,--add-opens,java.prefs/java.util.prefs=ALL-UNNAMED,--add-opens,java.prefs/java.util.prefs=ALL-UNNAMED,--add-opens,java.base/java.nio.charset=ALL-UNNAMED,--add-opens,java.base/java.net=ALL-UNNAMED,--add-opens,java.base/java.util.concurrent.atomic=ALL-UNNAMED,-Xmx2048m,-Dfile.encoding=UTF-8,-Duser.country=US,-Duser.language=en,-Duser.variant]
2022-04-07T17:29:40.305+0700 [INFO] [org.gradle.launcher.daemon.server.exec.ForwardClientInput] The daemon will no longer process any standard input.
AGPBI: {"kind":"warning","text":"We recommend using a newer Android Gradle plugin to use compileSdk = 32\n\nThis Android Gradle plugin (7.0.4) was tested up to compileSdk = 31\n\nThis warning can be suppressed by adding\n    android.suppressUnsupportedCompileSdk=32\nto this project's gradle.properties\n\nThe build will continue, but you are strongly encouraged to update your project to\nuse a newer Android Gradle Plugin that has been tested with compileSdk = 32","sources":[{}]}
Note: C:\Users\khai\Downloads\BTL-Android-SieuThi\SieuThi\app\src\main\java\com\example\sieuthi\product\ProductInCategoryAdapter.java uses unchecked or unsafe operations.
Note: Recompile with -Xlint:unchecked for details.

Deprecated Gradle features were used in this build, making it incompatible with Gradle 8.0.
Use '--warning-mode all' to show the individual deprecation warnings.
See https://docs.gradle.org/7.0.2/userguide/command_line_interface.html#sec:command_line_warnings

BUILD SUCCESSFUL in 30s
27 actionable tasks: 27 executed
2022-04-07T17:30:10.564+0700 [DEBUG] [org.gradle.launcher.daemon.server.exec.ExecuteBuild] The daemon has finished executing the build.
2022-04-07T17:30:10.583+0700 [DEBUG] [org.gradle.launcher.daemon.server.DaemonStateCoordinator] Command execution: finished waiting for DaemonCommandExecution[command = Build{id=ede7f56e-be29-4358-b9c5-062a3e3667c6, currentDir=C:\Users\khai\Downloads\BTL-Android-SieuThi\SieuThi}, connection = DefaultDaemonConnection: socket connection from /127.0.0.1:50865 to /127.0.0.1:50896]. Result org.gradle.launcher.daemon.server.DaemonStateCoordinator@2b060bb2 with state Busy
2022-04-07T17:30:10.584+0700 [DEBUG] [org.gradle.launcher.daemon.server.DaemonStateCoordinator] Command execution: completed DaemonCommandExecution[command = Build{id=ede7f56e-be29-4358-b9c5-062a3e3667c6, currentDir=C:\Users\khai\Downloads\BTL-Android-SieuThi\SieuThi}, connection = DefaultDaemonConnection: socket connection from /127.0.0.1:50865 to /127.0.0.1:50896]
2022-04-07T17:30:10.584+0700 [DEBUG] [org.gradle.launcher.daemon.server.DaemonStateCoordinator] resetting idle timer
2022-04-07T17:30:10.584+0700 [INFO] [org.gradle.launcher.daemon.server.DaemonRegistryUpdater] Marking the daemon as idle, address: [0133f205-96dc-4f46-9dfe-a8808d5c72ac port:50865, addresses:[localhost/127.0.0.1]]
2022-04-07T17:30:10.584+0700 [DEBUG] [org.gradle.launcher.daemon.registry.PersistentDaemonRegistry] Marking busy by address: [0133f205-96dc-4f46-9dfe-a8808d5c72ac port:50865, addresses:[localhost/127.0.0.1]]
2022-04-07T17:30:10.585+0700 [DEBUG] [org.gradle.cache.internal.DefaultFileLockManager] Waiting to acquire exclusive lock on daemon addresses registry.
2022-04-07T17:30:10.586+0700 [DEBUG] [org.gradle.cache.internal.DefaultFileLockManager] Lock acquired on daemon addresses registry.
2022-04-07T17:30:10.589+0700 [DEBUG] [org.gradle.cache.internal.DefaultFileLockManager] Releasing lock on daemon addresses registry.
2022-04-07T17:30:10.590+0700 [DEBUG] [org.gradle.launcher.daemon.server.DaemonStateCoordinator] daemon is running. Sleeping until state changes.
2022-04-07T17:30:10.589+0700 [DEBUG] [org.gradle.launcher.daemon.server.exec.ReturnResult] Daemon is dispatching the build result: Success[value=org.gradle.launcher.exec.BuildActionResult@5660746]
2022-04-07T17:30:10.591+0700 [DEBUG] [org.gradle.launcher.daemon.server.SynchronizedDispatchConnection] thread 19: dispatching Success[value=org.gradle.launcher.exec.BuildActionResult@5660746]
2022-04-07T17:30:10.591+0700 [DEBUG] [org.gradle.launcher.daemon.server.DefaultIncomingConnectionHandler] Finishing executing command: Build{id=ede7f56e-be29-4358-b9c5-062a3e3667c6, currentDir=C:\Users\khai\Downloads\BTL-Android-SieuThi\SieuThi}
2022-04-07T17:30:10.592+0700 [DEBUG] [org.gradle.launcher.daemon.server.SynchronizedDispatchConnection] thread 75: received class org.gradle.launcher.daemon.protocol.Finished
2022-04-07T17:30:10.592+0700 [DEBUG] [org.gradle.launcher.daemon.server.DefaultDaemonConnection] thread 75: Received non-IO message from client: org.gradle.launcher.daemon.protocol.Finished@6bab1452
2022-04-07T17:30:10.593+0700 [DEBUG] [org.gradle.internal.remote.internal.inet.SocketConnection] Discarding EOFException: java.io.EOFException
2022-04-07T17:30:10.593+0700 [DEBUG] [org.gradle.launcher.daemon.server.DefaultIncomingConnectionHandler] Received finished message: org.gradle.launcher.daemon.protocol.Finished@6bab1452
2022-04-07T17:30:10.593+0700 [DEBUG] [org.gradle.launcher.daemon.server.SynchronizedDispatchConnection] thread 19: stopping connection
2022-04-07T17:30:10.593+0700 [DEBUG] [org.gradle.launcher.daemon.server.SynchronizedDispatchConnection] thread 75: received null
2022-04-07T17:30:10.594+0700 [DEBUG] [org.gradle.launcher.daemon.server.DefaultDaemonConnection] thread 75: Received end-of-input from client.
2022-04-07T17:30:10.595+0700 [DEBUG] [org.gradle.launcher.daemon.server.SynchronizedDispatchConnection] thread 19: stopping connection
2022-04-07T17:30:11.303+0700 [DEBUG] [org.gradle.internal.watch.vfs.impl.WatchingVirtualFileSystem] Handling VFS change MODIFIED C:\Users\khai\Downloads\BTL-Android-SieuThi\SieuThi\app\build\outputs
2022-04-07T17:30:13.458+0700 [DEBUG] [org.gradle.cache.internal.DefaultFileLockManager] Waiting to acquire shared lock on daemon addresses registry.
2022-04-07T17:30:13.461+0700 [DEBUG] [org.gradle.cache.internal.DefaultFileLockManager] Lock acquired on daemon addresses registry.
2022-04-07T17:30:13.463+0700 [DEBUG] [org.gradle.cache.internal.DefaultFileLockManager] Releasing lock on daemon addresses registry.
2022-04-07T17:30:13.470+0700 [DEBUG] [org.gradle.cache.internal.DefaultFileLockManager] Waiting to acquire shared lock on daemon addresses registry.
2022-04-07T17:30:13.470+0700 [DEBUG] [org.gradle.cache.internal.DefaultFileLockManager] Lock acquired on daemon addresses registry.
2022-04-07T17:30:13.471+0700 [DEBUG] [org.gradle.cache.internal.DefaultFileLockManager] Releasing lock on daemon addresses registry.
2022-04-07T17:30:13.846+0700 [DEBUG] [org.gradle.process.internal.health.memory.DefaultMemoryManager] 787959808 memory requested, 310820864 free
2022-04-07T17:30:13.847+0700 [DEBUG] [org.gradle.workers.internal.WorkerDaemonExpiration] Will attempt to release 751 of memory
2022-04-07T17:30:13.847+0700 [DEBUG] [org.gradle.process.internal.health.memory.DefaultMemoryManager] 787959808 memory requested, 0 released, 310820864 free
2022-04-07T17:30:18.841+0700 [DEBUG] [org.gradle.process.internal.health.memory.DefaultMemoryManager] 787959808 memory requested, 186003456 free
2022-04-07T17:30:18.841+0700 [DEBUG] [org.gradle.workers.internal.WorkerDaemonExpiration] Will attempt to release 751 of memory
2022-04-07T17:30:18.841+0700 [DEBUG] [org.gradle.process.internal.health.memory.DefaultMemoryManager] 787959808 memory requested, 0 released, 186003456 free
2022-04-07T17:30:23.449+0700 [DEBUG] [org.gradle.cache.internal.DefaultFileLockManager] Waiting to acquire shared lock on daemon addresses registry.
2022-04-07T17:30:23.449+0700 [DEBUG] [org.gradle.cache.internal.DefaultFileLockManager] Lock acquired on daemon addresses registry.
2022-04-07T17:30:23.450+0700 [DEBUG] [org.gradle.cache.internal.DefaultFileLockManager] Releasing lock on daemon addresses registry.
2022-04-07T17:30:23.451+0700 [DEBUG] [org.gradle.cache.internal.DefaultFileLockManager] Waiting to acquire shared lock on daemon addresses registry.
2022-04-07T17:30:23.452+0700 [DEBUG] [org.gradle.cache.internal.DefaultFileLockManager] Lock acquired on daemon addresses registry.
2022-04-07T17:30:23.452+0700 [DEBUG] [org.gradle.cache.internal.DefaultFileLockManager] Releasing lock on daemon addresses registry.
2022-04-07T17:30:23.453+0700 [DEBUG] [org.gradle.cache.internal.DefaultFileLockManager] Waiting to acquire shared lock on daemon addresses registry.
2022-04-07T17:30:23.453+0700 [DEBUG] [org.gradle.cache.internal.DefaultFileLockManager] Lock acquired on daemon addresses registry.
2022-04-07T17:30:23.454+0700 [DEBUG] [org.gradle.cache.internal.DefaultFileLockManager] Releasing lock on daemon addresses registry.
2022-04-07T17:30:23.842+0700 [DEBUG] [org.gradle.process.internal.health.memory.DefaultMemoryManager] 787959808 memory requested, 191504384 free
2022-04-07T17:30:23.843+0700 [DEBUG] [org.gradle.workers.internal.WorkerDaemonExpiration] Will attempt to release 751 of memory
2022-04-07T17:30:23.843+0700 [DEBUG] [org.gradle.process.internal.health.memory.DefaultMemoryManager] 787959808 memory requested, 0 released, 191504384 free
2022-04-07T17:30:28.845+0700 [DEBUG] [org.gradle.process.internal.health.memory.DefaultMemoryManager] 787959808 memory requested, 201076736 free
2022-04-07T17:30:28.846+0700 [DEBUG] [org.gradle.workers.internal.WorkerDaemonExpiration] Will attempt to release 751 of memory
2022-04-07T17:30:28.846+0700 [DEBUG] [org.gradle.process.internal.health.memory.DefaultMemoryManager] 787959808 memory requested, 0 released, 201076736 free
2022-04-07T17:30:33.455+0700 [DEBUG] [org.gradle.cache.internal.DefaultFileLockManager] Waiting to acquire shared lock on daemon addresses registry.
2022-04-07T17:30:33.455+0700 [DEBUG] [org.gradle.cache.internal.DefaultFileLockManager] Lock acquired on daemon addresses registry.
2022-04-07T17:30:33.455+0700 [DEBUG] [org.gradle.cache.internal.DefaultFileLockManager] Releasing lock on daemon addresses registry.
2022-04-07T17:30:33.457+0700 [DEBUG] [org.gradle.cache.internal.DefaultFileLockManager] Waiting to acquire shared lock on daemon addresses registry.
2022-04-07T17:30:33.457+0700 [DEBUG] [org.gradle.cache.internal.DefaultFileLockManager] Lock acquired on daemon addresses registry.
2022-04-07T17:30:33.457+0700 [DEBUG] [org.gradle.cache.internal.DefaultFileLockManager] Releasing lock on daemon addresses registry.
2022-04-07T17:30:33.458+0700 [DEBUG] [org.gradle.cache.internal.DefaultFileLockManager] Waiting to acquire shared lock on daemon addresses registry.
2022-04-07T17:30:33.458+0700 [DEBUG] [org.gradle.cache.internal.DefaultFileLockManager] Lock acquired on daemon addresses registry.
2022-04-07T17:30:33.459+0700 [DEBUG] [org.gradle.cache.internal.DefaultFileLockManager] Releasing lock on daemon addresses registry.
2022-04-07T17:30:33.847+0700 [DEBUG] [org.gradle.process.internal.health.memory.DefaultMemoryManager] 787959808 memory requested, 265302016 free
2022-04-07T17:30:33.847+0700 [DEBUG] [org.gradle.workers.internal.WorkerDaemonExpiration] Will attempt to release 751 of memory
2022-04-07T17:30:33.847+0700 [DEBUG] [org.gradle.process.internal.health.memory.DefaultMemoryManager] 787959808 memory requested, 0 released, 265302016 free
2022-04-07T17:30:38.846+0700 [DEBUG] [org.gradle.process.internal.health.memory.DefaultMemoryManager] 787959808 memory requested, 256802816 free
2022-04-07T17:30:38.846+0700 [DEBUG] [org.gradle.workers.internal.WorkerDaemonExpiration] Will attempt to release 751 of memory
2022-04-07T17:30:38.846+0700 [DEBUG] [org.gradle.process.internal.health.memory.DefaultMemoryManager] 787959808 memory requested, 0 released, 256802816 free
2022-04-07T17:30:43.443+0700 [DEBUG] [org.gradle.cache.internal.DefaultFileLockManager] Waiting to acquire shared lock on daemon addresses registry.
2022-04-07T17:30:43.443+0700 [DEBUG] [org.gradle.cache.internal.DefaultFileLockManager] Lock acquired on daemon addresses registry.
2022-04-07T17:30:43.444+0700 [DEBUG] [org.gradle.cache.internal.DefaultFileLockManager] Releasing lock on daemon addresses registry.
2022-04-07T17:30:43.445+0700 [DEBUG] [org.gradle.cache.internal.DefaultFileLockManager] Waiting to acquire shared lock on daemon addresses registry.
2022-04-07T17:30:43.445+0700 [DEBUG] [org.gradle.cache.internal.DefaultFileLockManager] Lock acquired on daemon addresses registry.
2022-04-07T17:30:43.446+0700 [DEBUG] [org.gradle.cache.internal.DefaultFileLockManager] Releasing lock on daemon addresses registry.
2022-04-07T17:30:43.447+0700 [DEBUG] [org.gradle.cache.internal.DefaultFileLockManager] Waiting to acquire shared lock on daemon addresses registry.
2022-04-07T17:30:43.447+0700 [DEBUG] [org.gradle.cache.internal.DefaultFileLockManager] Lock acquired on daemon addresses registry.
2022-04-07T17:30:43.447+0700 [DEBUG] [org.gradle.cache.internal.DefaultFileLockManager] Releasing lock on daemon addresses registry.
2022-04-07T17:30:43.832+0700 [DEBUG] [org.gradle.process.internal.health.memory.DefaultMemoryManager] 787959808 memory requested, 245530624 free
2022-04-07T17:30:43.832+0700 [DEBUG] [org.gradle.workers.internal.WorkerDaemonExpiration] Will attempt to release 751 of memory
2022-04-07T17:30:43.832+0700 [DEBUG] [org.gradle.process.internal.health.memory.DefaultMemoryManager] 787959808 memory requested, 0 released, 245530624 free
2022-04-07T17:30:48.832+0700 [DEBUG] [org.gradle.process.internal.health.memory.DefaultMemoryManager] 787959808 memory requested, 244572160 free
2022-04-07T17:30:48.833+0700 [DEBUG] [org.gradle.workers.internal.WorkerDaemonExpiration] Will attempt to release 751 of memory
2022-04-07T17:30:48.833+0700 [DEBUG] [org.gradle.process.internal.health.memory.DefaultMemoryManager] 787959808 memory requested, 0 released, 244572160 free
2022-04-07T17:30:53.450+0700 [DEBUG] [org.gradle.cache.internal.DefaultFileLockManager] Waiting to acquire shared lock on daemon addresses registry.
2022-04-07T17:30:53.451+0700 [DEBUG] [org.gradle.cache.internal.DefaultFileLockManager] Lock acquired on daemon addresses registry.
2022-04-07T17:30:53.451+0700 [DEBUG] [org.gradle.cache.internal.DefaultFileLockManager] Releasing lock on daemon addresses registry.
2022-04-07T17:30:53.452+0700 [DEBUG] [org.gradle.cache.internal.DefaultFileLockManager] Waiting to acquire shared lock on daemon addresses registry.
2022-04-07T17:30:53.453+0700 [DEBUG] [org.gradle.cache.internal.DefaultFileLockManager] Lock acquired on daemon addresses registry.
2022-04-07T17:30:53.453+0700 [DEBUG] [org.gradle.cache.internal.DefaultFileLockManager] Releasing lock on daemon addresses registry.
2022-04-07T17:30:53.454+0700 [DEBUG] [org.gradle.cache.internal.DefaultFileLockManager] Waiting to acquire shared lock on daemon addresses registry.
2022-04-07T17:30:53.454+0700 [DEBUG] [org.gradle.cache.internal.DefaultFileLockManager] Lock acquired on daemon addresses registry.
2022-04-07T17:30:53.454+0700 [DEBUG] [org.gradle.cache.internal.DefaultFileLockManager] Releasing lock on daemon addresses registry.
2022-04-07T17:30:53.840+0700 [DEBUG] [org.gradle.process.internal.health.memory.DefaultMemoryManager] 787959808 memory requested, 282357760 free
2022-04-07T17:30:53.840+0700 [DEBUG] [org.gradle.workers.internal.WorkerDaemonExpiration] Will attempt to release 751 of memory
2022-04-07T17:30:53.840+0700 [DEBUG] [org.gradle.process.internal.health.memory.DefaultMemoryManager] 787959808 memory requested, 0 released, 282357760 free
2022-04-07T17:30:58.842+0700 [DEBUG] [org.gradle.process.internal.health.memory.DefaultMemoryManager] 787959808 memory requested, 266436608 free
2022-04-07T17:30:58.842+0700 [DEBUG] [org.gradle.workers.internal.WorkerDaemonExpiration] Will attempt to release 751 of memory
2022-04-07T17:30:58.842+0700 [DEBUG] [org.gradle.process.internal.health.memory.DefaultMemoryManager] 787959808 memory requested, 0 released, 266436608 free
2022-04-07T17:31:03.444+0700 [DEBUG] [org.gradle.cache.internal.DefaultFileLockManager] Waiting to acquire shared lock on daemon addresses registry.
2022-04-07T17:31:03.445+0700 [DEBUG] [org.gradle.cache.internal.DefaultFileLockManager] Lock acquired on daemon addresses registry.
2022-04-07T17:31:03.445+0700 [DEBUG] [org.gradle.cache.internal.DefaultFileLockManager] Releasing lock on daemon addresses registry.
2022-04-07T17:31:03.447+0700 [DEBUG] [org.gradle.cache.internal.DefaultFileLockManager] Waiting to acquire shared lock on daemon addresses registry.
2022-04-07T17:31:03.447+0700 [DEBUG] [org.gradle.cache.internal.DefaultFileLockManager] Lock acquired on daemon addresses registry.
2022-04-07T17:31:03.448+0700 [DEBUG] [org.gradle.cache.internal.DefaultFileLockManager] Releasing lock on daemon addresses registry.
2022-04-07T17:31:03.449+0700 [DEBUG] [org.gradle.cache.internal.DefaultFileLockManager] Waiting to acquire shared lock on daemon addresses registry.
2022-04-07T17:31:03.449+0700 [DEBUG] [org.gradle.cache.internal.DefaultFileLockManager] Lock acquired on daemon addresses registry.
2022-04-07T17:31:03.450+0700 [DEBUG] [org.gradle.cache.internal.DefaultFileLockManager] Releasing lock on daemon addresses registry.
2022-04-07T17:31:03.832+0700 [DEBUG] [org.gradle.process.internal.health.memory.DefaultMemoryManager] 787959808 memory requested, 274993152 free
2022-04-07T17:31:03.832+0700 [DEBUG] [org.gradle.workers.internal.WorkerDaemonExpiration] Will attempt to release 751 of memory
2022-04-07T17:31:03.832+0700 [DEBUG] [org.gradle.process.internal.health.memory.DefaultMemoryManager] 787959808 memory requested, 0 released, 274993152 free
2022-04-07T17:31:08.832+0700 [DEBUG] [org.gradle.process.internal.health.memory.DefaultMemoryManager] 787959808 memory requested, 438571008 free
2022-04-07T17:31:08.832+0700 [DEBUG] [org.gradle.workers.internal.WorkerDaemonExpiration] Will attempt to release 751 of memory
2022-04-07T17:31:08.832+0700 [DEBUG] [org.gradle.process.internal.health.memory.DefaultMemoryManager] 787959808 memory requested, 0 released, 438571008 free
2022-04-07T17:31:11.597+0700 [DEBUG] [org.gradle.internal.remote.internal.inet.TcpIncomingConnector] Accepted connection from /127.0.0.1:51017 to /127.0.0.1:50865.
2022-04-07T17:31:11.599+0700 [DEBUG] [org.gradle.internal.remote.internal.inet.TcpIncomingConnector] Accepted connection from /127.0.0.1:51018 to /127.0.0.1:50865.
2022-04-07T17:31:11.605+0700 [DEBUG] [org.gradle.launcher.daemon.server.SynchronizedDispatchConnection] thread 158: received class org.gradle.launcher.daemon.protocol.StopWhenIdle
2022-04-07T17:31:11.605+0700 [DEBUG] [org.gradle.launcher.daemon.server.SynchronizedDispatchConnection] thread 156: received class org.gradle.launcher.daemon.protocol.StopWhenIdle
2022-04-07T17:31:11.606+0700 [DEBUG] [org.gradle.launcher.daemon.server.DefaultDaemonConnection] thread 158: Received non-IO message from client: StopWhenIdle[id=ef9222a8-57f4-4f58-851b-f05870fbce3f]
2022-04-07T17:31:11.606+0700 [DEBUG] [org.gradle.launcher.daemon.server.DefaultDaemonConnection] thread 156: Received non-IO message from client: StopWhenIdle[id=79825920-4c28-4f40-a18c-8ef342c7d5e4]
2022-04-07T17:31:11.607+0700 [INFO] [org.gradle.launcher.daemon.server.DefaultIncomingConnectionHandler] Received command: StopWhenIdle[id=ef9222a8-57f4-4f58-851b-f05870fbce3f].
2022-04-07T17:31:11.607+0700 [INFO] [org.gradle.launcher.daemon.server.DefaultIncomingConnectionHandler] Received command: StopWhenIdle[id=79825920-4c28-4f40-a18c-8ef342c7d5e4].
2022-04-07T17:31:11.607+0700 [DEBUG] [org.gradle.launcher.daemon.server.DefaultIncomingConnectionHandler] Starting executing command: StopWhenIdle[id=ef9222a8-57f4-4f58-851b-f05870fbce3f] with connection: socket connection from /127.0.0.1:50865 to /127.0.0.1:51018.
2022-04-07T17:31:11.607+0700 [DEBUG] [org.gradle.launcher.daemon.server.DefaultIncomingConnectionHandler] Starting executing command: StopWhenIdle[id=79825920-4c28-4f40-a18c-8ef342c7d5e4] with connection: socket connection from /127.0.0.1:50865 to /127.0.0.1:51017.
2022-04-07T17:31:11.608+0700 [DEBUG] [org.gradle.launcher.daemon.server.DaemonRegistryUpdater] Storing daemon stop event: stop command received
2022-04-07T17:31:11.611+0700 [DEBUG] [org.gradle.launcher.daemon.registry.PersistentDaemonRegistry] Storing daemon stop event with timestamp 1649327471607
2022-04-07T17:31:11.612+0700 [DEBUG] [org.gradle.cache.internal.DefaultFileLockManager] Waiting to acquire exclusive lock on daemon addresses registry.
2022-04-07T17:31:11.613+0700 [DEBUG] [org.gradle.cache.internal.DefaultFileLockManager] Lock acquired on daemon addresses registry.
2022-04-07T17:31:11.614+0700 [DEBUG] [org.gradle.cache.internal.DefaultFileLockManager] Releasing lock on daemon addresses registry.
2022-04-07T17:31:11.615+0700 [LIFECYCLE] [org.gradle.launcher.daemon.server.DaemonStateCoordinator] Daemon will be stopped at the end of the build stop command received
2022-04-07T17:31:11.615+0700 [DEBUG] [org.gradle.launcher.daemon.server.DaemonStateCoordinator] Marking daemon stopped due to stop command received. The daemon is running a build: false
2022-04-07T17:31:11.615+0700 [DEBUG] [org.gradle.launcher.daemon.server.SynchronizedDispatchConnection] thread 157: dispatching Success[value=null]
2022-04-07T17:31:11.615+0700 [DEBUG] [org.gradle.launcher.daemon.server.DaemonRegistryUpdater] Storing daemon stop event: stop command received
2022-04-07T17:31:11.615+0700 [DEBUG] [org.gradle.launcher.daemon.server.DaemonStateCoordinator] daemon has stopped.
2022-04-07T17:31:11.616+0700 [DEBUG] [org.gradle.launcher.daemon.registry.PersistentDaemonRegistry] Storing daemon stop event with timestamp 1649327471616
2022-04-07T17:31:11.616+0700 [DEBUG] [org.gradle.launcher.daemon.server.DefaultIncomingConnectionHandler] Finishing executing command: StopWhenIdle[id=ef9222a8-57f4-4f58-851b-f05870fbce3f]
2022-04-07T17:31:11.616+0700 [DEBUG] [org.gradle.launcher.daemon.server.SynchronizedDispatchConnection] thread 158: received class org.gradle.launcher.daemon.protocol.Finished
2022-04-07T17:31:11.616+0700 [DEBUG] [org.gradle.launcher.daemon.server.Daemon] stop() called on daemon
2022-04-07T17:31:11.617+0700 [DEBUG] [org.gradle.launcher.daemon.server.DefaultDaemonConnection] thread 158: Received non-IO message from client: org.gradle.launcher.daemon.protocol.Finished@7e73d814
2022-04-07T17:31:11.617+0700 [DEBUG] [org.gradle.cache.internal.DefaultFileLockManager] Waiting to acquire exclusive lock on daemon addresses registry.
2022-04-07T17:31:11.617+0700 [DEBUG] [org.gradle.launcher.daemon.server.DefaultIncomingConnectionHandler] Received finished message: org.gradle.launcher.daemon.protocol.Finished@7e73d814
2022-04-07T17:31:11.617+0700 [INFO] [org.gradle.launcher.daemon.server.Daemon] Stop requested. Daemon is removing its presence from the registry...
2022-04-07T17:31:11.617+0700 [DEBUG] [org.gradle.launcher.daemon.server.SynchronizedDispatchConnection] thread 157: stopping connection
2022-04-07T17:31:11.617+0700 [DEBUG] [org.gradle.internal.remote.internal.inet.SocketConnection] Discarding EOFException: java.io.EOFException
2022-04-07T17:31:11.617+0700 [DEBUG] [org.gradle.cache.internal.DefaultFileLockManager] Lock acquired on daemon addresses registry.
2022-04-07T17:31:11.618+0700 [DEBUG] [org.gradle.launcher.daemon.server.SynchronizedDispatchConnection] thread 158: received null
2022-04-07T17:31:11.618+0700 [DEBUG] [org.gradle.launcher.daemon.server.DaemonRegistryUpdater] Removing our presence to clients, eg. removing this address from the registry: [0133f205-96dc-4f46-9dfe-a8808d5c72ac port:50865, addresses:[localhost/127.0.0.1]]
2022-04-07T17:31:11.618+0700 [DEBUG] [org.gradle.launcher.daemon.server.DefaultDaemonConnection] thread 158: Received end-of-input from client.
2022-04-07T17:31:11.619+0700 [DEBUG] [org.gradle.launcher.daemon.server.SynchronizedDispatchConnection] thread 157: stopping connection
2022-04-07T17:31:11.620+0700 [DEBUG] [org.gradle.cache.internal.DefaultFileLockManager] Releasing lock on daemon addresses registry.
2022-04-07T17:31:11.620+0700 [DEBUG] [org.gradle.launcher.daemon.server.SynchronizedDispatchConnection] thread 155: dispatching Success[value=null]
2022-04-07T17:31:11.621+0700 [DEBUG] [org.gradle.launcher.daemon.registry.PersistentDaemonRegistry] Removing daemon address: [0133f205-96dc-4f46-9dfe-a8808d5c72ac port:50865, addresses:[localhost/127.0.0.1]]
2022-04-07T17:31:11.621+0700 [DEBUG] [org.gradle.launcher.daemon.server.DefaultIncomingConnectionHandler] Finishing executing command: StopWhenIdle[id=79825920-4c28-4f40-a18c-8ef342c7d5e4]
2022-04-07T17:31:11.621+0700 [DEBUG] [org.gradle.launcher.daemon.server.SynchronizedDispatchConnection] thread 156: received class org.gradle.launcher.daemon.protocol.Finished
2022-04-07T17:31:11.621+0700 [DEBUG] [org.gradle.launcher.daemon.server.DefaultDaemonConnection] thread 156: Received non-IO message from client: org.gradle.launcher.daemon.protocol.Finished@640e3164
2022-04-07T17:31:11.622+0700 [DEBUG] [org.gradle.launcher.daemon.server.DefaultIncomingConnectionHandler] Received finished message: org.gradle.launcher.daemon.protocol.Finished@640e3164
2022-04-07T17:31:11.622+0700 [DEBUG] [org.gradle.internal.remote.internal.inet.SocketConnection] Discarding EOFException: java.io.EOFException
2022-04-07T17:31:11.622+0700 [DEBUG] [org.gradle.launcher.daemon.server.SynchronizedDispatchConnection] thread 155: stopping connection
2022-04-07T17:31:11.622+0700 [DEBUG] [org.gradle.cache.internal.DefaultFileLockManager] Waiting to acquire exclusive lock on daemon addresses registry.
2022-04-07T17:31:11.622+0700 [DEBUG] [org.gradle.launcher.daemon.server.SynchronizedDispatchConnection] thread 156: received null
2022-04-07T17:31:11.623+0700 [DEBUG] [org.gradle.launcher.daemon.server.DefaultDaemonConnection] thread 156: Received end-of-input from client.
2022-04-07T17:31:11.623+0700 [DEBUG] [org.gradle.cache.internal.DefaultFileLockManager] Lock acquired on daemon addresses registry.
2022-04-07T17:31:11.624+0700 [DEBUG] [org.gradle.launcher.daemon.server.SynchronizedDispatchConnection] thread 155: stopping connection
2022-04-07T17:31:11.625+0700 [DEBUG] [org.gradle.cache.internal.DefaultFileLockManager] Releasing lock on daemon addresses registry.
2022-04-07T17:31:11.626+0700 [DEBUG] [org.gradle.launcher.daemon.server.DaemonRegistryUpdater] Address removed from registry.
2022-04-07T17:31:11.632+0700 [DEBUG] [org.gradle.cache.internal.LockOnDemandCrossProcessCacheAccess] Releasing file lock for jars (D:\Year_3\Semester_2\Mobile\caches\jars-8)
2022-04-07T17:31:11.632+0700 [DEBUG] [org.gradle.cache.internal.DefaultFileLockManager] Releasing lock on jars (D:\Year_3\Semester_2\Mobile\caches\jars-8).
2022-04-07T17:31:11.633+0700 [DEBUG] [org.gradle.cache.internal.DefaultPersistentDirectoryStore] jars (D:\Year_3\Semester_2\Mobile\caches\jars-8) has last been fully cleaned up 90 hours ago
2022-04-07T17:31:11.637+0700 [DEBUG] [org.gradle.cache.internal.AbstractCacheCleanup] jars (D:\Year_3\Semester_2\Mobile\caches\jars-8) cleanup deleted 0 files/directories.
2022-04-07T17:31:11.637+0700 [INFO] [org.gradle.cache.internal.LeastRecentlyUsedCacheCleanup] jars (D:\Year_3\Semester_2\Mobile\caches\jars-8) removing files not accessed on or after Thu Mar 31 17:29:04 ICT 2022.
2022-04-07T17:31:11.673+0700 [DEBUG] [org.gradle.cache.internal.AbstractCacheCleanup] jars (D:\Year_3\Semester_2\Mobile\caches\jars-8) cleanup deleted 7 files/directories.
2022-04-07T17:31:11.674+0700 [INFO] [org.gradle.cache.internal.DefaultPersistentDirectoryStore] jars (D:\Year_3\Semester_2\Mobile\caches\jars-8) cleaned up in 0.04 secs.
2022-04-07T17:31:11.697+0700 [DEBUG] [org.gradle.cache.internal.LockOnDemandCrossProcessCacheAccess] Releasing file lock for file content cache (D:\Year_3\Semester_2\Mobile\caches\7.0.2\fileContent)
2022-04-07T17:31:11.697+0700 [DEBUG] [org.gradle.cache.internal.DefaultFileLockManager] Releasing lock on file content cache (D:\Year_3\Semester_2\Mobile\caches\7.0.2\fileContent).
2022-04-07T17:31:11.699+0700 [DEBUG] [org.gradle.cache.internal.LockOnDemandCrossProcessCacheAccess] Releasing file lock for Java compile cache (D:\Year_3\Semester_2\Mobile\caches\7.0.2\javaCompile)
2022-04-07T17:31:11.699+0700 [DEBUG] [org.gradle.cache.internal.btree.BTreePersistentIndexedCache] Closing cache jarAnalysis.bin (D:\Year_3\Semester_2\Mobile\caches\7.0.2\javaCompile\jarAnalysis.bin)
2022-04-07T17:31:11.699+0700 [DEBUG] [org.gradle.cache.internal.DefaultFileLockManager] Releasing lock on Java compile cache (D:\Year_3\Semester_2\Mobile\caches\7.0.2\javaCompile).
2022-04-07T17:31:11.703+0700 [DEBUG] [org.gradle.internal.watch.registry.impl.DefaultFileWatcherRegistry] Finished listening to file system change events
2022-04-07T17:31:11.703+0700 [DEBUG] [org.gradle.cache.internal.LockOnDemandCrossProcessCacheAccess] Releasing file lock for Artifact transforms cache (D:\Year_3\Semester_2\Mobile\caches\transforms-3)
2022-04-07T17:31:11.703+0700 [DEBUG] [org.gradle.cache.internal.DefaultFileLockManager] Releasing lock on Artifact transforms cache (D:\Year_3\Semester_2\Mobile\caches\transforms-3).
2022-04-07T17:31:11.705+0700 [DEBUG] [org.gradle.cache.internal.DefaultPersistentDirectoryStore] Artifact transforms cache (D:\Year_3\Semester_2\Mobile\caches\transforms-3) has last been fully cleaned up 90 hours ago
2022-04-07T17:31:11.705+0700 [INFO] [org.gradle.cache.internal.LeastRecentlyUsedCacheCleanup] Artifact transforms cache (D:\Year_3\Semester_2\Mobile\caches\transforms-3) removing files not accessed on or after Thu Mar 31 17:29:05 ICT 2022.
2022-04-07T17:31:11.754+0700 [DEBUG] [org.gradle.cache.internal.AbstractCacheCleanup] Artifact transforms cache (D:\Year_3\Semester_2\Mobile\caches\transforms-3) cleanup deleted 0 files/directories.
2022-04-07T17:31:11.754+0700 [INFO] [org.gradle.cache.internal.DefaultPersistentDirectoryStore] Artifact transforms cache (D:\Year_3\Semester_2\Mobile\caches\transforms-3) cleaned up in 0.049 secs.
2022-04-07T17:31:11.755+0700 [DEBUG] [org.gradle.cache.internal.LockOnDemandCrossProcessCacheAccess] Releasing file lock for artifact cache (D:\Year_3\Semester_2\Mobile\caches\modules-2)
2022-04-07T17:31:11.755+0700 [DEBUG] [org.gradle.cache.internal.btree.BTreePersistentIndexedCache] Closing cache module-metadata.bin (D:\Year_3\Semester_2\Mobile\caches\modules-2\metadata-2.97\module-metadata.bin)
2022-04-07T17:31:11.755+0700 [DEBUG] [org.gradle.cache.internal.btree.BTreePersistentIndexedCache] Closing cache module-artifact.bin (D:\Year_3\Semester_2\Mobile\caches\modules-2\metadata-2.97\module-artifact.bin)
2022-04-07T17:31:11.756+0700 [DEBUG] [org.gradle.cache.internal.btree.BTreePersistentIndexedCache] Closing cache module-artifacts.bin (D:\Year_3\Semester_2\Mobile\caches\modules-2\metadata-2.97\module-artifacts.bin)
2022-04-07T17:31:11.758+0700 [DEBUG] [org.gradle.cache.internal.btree.BTreePersistentIndexedCache] Closing cache module-versions.bin (D:\Year_3\Semester_2\Mobile\caches\modules-2\metadata-2.97\module-versions.bin)
2022-04-07T17:31:11.760+0700 [DEBUG] [org.gradle.cache.internal.btree.BTreePersistentIndexedCache] Closing cache resource-at-url.bin (D:\Year_3\Semester_2\Mobile\caches\modules-2\metadata-2.97\resource-at-url.bin)
2022-04-07T17:31:11.762+0700 [DEBUG] [org.gradle.cache.internal.DefaultFileLockManager] Releasing lock on artifact cache (D:\Year_3\Semester_2\Mobile\caches\modules-2).
2022-04-07T17:31:11.764+0700 [DEBUG] [org.gradle.cache.internal.DefaultPersistentDirectoryStore] artifact cache (D:\Year_3\Semester_2\Mobile\caches\modules-2) has last been fully cleaned up 90 hours ago
2022-04-07T17:31:11.765+0700 [DEBUG] [org.gradle.cache.internal.AbstractCacheCleanup] artifact cache (D:\Year_3\Semester_2\Mobile\caches\modules-2) cleanup deleted 0 files/directories.
2022-04-07T17:31:11.768+0700 [DEBUG] [org.gradle.cache.internal.AbstractCacheCleanup] artifact cache (D:\Year_3\Semester_2\Mobile\caches\modules-2) [subdir: D:\Year_3\Semester_2\Mobile\caches\modules-2\resources-2.1] cleanup deleted 0 files/directories.
2022-04-07T17:31:11.768+0700 [INFO] [org.gradle.cache.internal.LeastRecentlyUsedCacheCleanup] artifact cache (D:\Year_3\Semester_2\Mobile\caches\modules-2) [subdir: D:\Year_3\Semester_2\Mobile\caches\modules-2\resources-2.1] removing files not accessed on or after Tue Mar 08 17:29:11 ICT 2022.
2022-04-07T17:31:11.771+0700 [DEBUG] [org.gradle.cache.internal.AbstractCacheCleanup] artifact cache (D:\Year_3\Semester_2\Mobile\caches\modules-2) [subdir: D:\Year_3\Semester_2\Mobile\caches\modules-2\resources-2.1] cleanup deleted 0 files/directories.
2022-04-07T17:31:11.772+0700 [DEBUG] [org.gradle.cache.internal.AbstractCacheCleanup] artifact cache (D:\Year_3\Semester_2\Mobile\caches\modules-2) [subdir: D:\Year_3\Semester_2\Mobile\caches\modules-2\files-2.1] cleanup deleted 0 files/directories.
2022-04-07T17:31:11.772+0700 [INFO] [org.gradle.cache.internal.LeastRecentlyUsedCacheCleanup] artifact cache (D:\Year_3\Semester_2\Mobile\caches\modules-2) [subdir: D:\Year_3\Semester_2\Mobile\caches\modules-2\files-2.1] removing files not accessed on or after Tue Mar 08 17:29:11 ICT 2022.
2022-04-07T17:31:11.964+0700 [DEBUG] [org.gradle.cache.internal.AbstractCacheCleanup] artifact cache (D:\Year_3\Semester_2\Mobile\caches\modules-2) [subdir: D:\Year_3\Semester_2\Mobile\caches\modules-2\files-2.1] cleanup deleted 0 files/directories.
2022-04-07T17:31:11.965+0700 [DEBUG] [org.gradle.cache.internal.AbstractCacheCleanup] artifact cache (D:\Year_3\Semester_2\Mobile\caches\modules-2) [subdir: D:\Year_3\Semester_2\Mobile\caches\modules-2\metadata-2.97] cleanup deleted 0 files/directories.
2022-04-07T17:31:11.965+0700 [INFO] [org.gradle.cache.internal.DefaultPersistentDirectoryStore] artifact cache (D:\Year_3\Semester_2\Mobile\caches\modules-2) cleaned up in 0.201 secs.
2022-04-07T17:31:11.966+0700 [DEBUG] [org.gradle.cache.internal.DefaultCacheAccess] Cache Generated Gradle JARs cache (D:\Year_3\Semester_2\Mobile\caches\7.0.2\generated-gradle-jars) was closed 0 times.
2022-04-07T17:31:11.966+0700 [DEBUG] [org.gradle.cache.internal.LockOnDemandCrossProcessCacheAccess] Releasing file lock for journal cache (D:\Year_3\Semester_2\Mobile\caches\journal-1)
2022-04-07T17:31:11.967+0700 [DEBUG] [org.gradle.cache.internal.btree.BTreePersistentIndexedCache] Closing cache file-access.bin (D:\Year_3\Semester_2\Mobile\caches\journal-1\file-access.bin)
2022-04-07T17:31:11.967+0700 [DEBUG] [org.gradle.cache.internal.DefaultFileLockManager] Releasing lock on journal cache (D:\Year_3\Semester_2\Mobile\caches\journal-1).
2022-04-07T17:31:11.971+0700 [DEBUG] [org.gradle.cache.internal.LockOnDemandCrossProcessCacheAccess] Releasing file lock for file hash cache (D:\Year_3\Semester_2\Mobile\caches\7.0.2\fileHashes)
2022-04-07T17:31:11.971+0700 [DEBUG] [org.gradle.cache.internal.btree.BTreePersistentIndexedCache] Closing cache fileHashes.bin (D:\Year_3\Semester_2\Mobile\caches\7.0.2\fileHashes\fileHashes.bin)
2022-04-07T17:31:11.974+0700 [DEBUG] [org.gradle.cache.internal.btree.BTreePersistentIndexedCache] Closing cache resourceHashesCache.bin (D:\Year_3\Semester_2\Mobile\caches\7.0.2\fileHashes\resourceHashesCache.bin)
2022-04-07T17:31:11.974+0700 [DEBUG] [org.gradle.cache.internal.DefaultFileLockManager] Releasing lock on file hash cache (D:\Year_3\Semester_2\Mobile\caches\7.0.2\fileHashes).
2022-04-07T17:31:11.976+0700 [DEBUG] [org.gradle.cache.internal.LockOnDemandCrossProcessCacheAccess] Releasing file lock for execution history cache (D:\Year_3\Semester_2\Mobile\caches\7.0.2\executionHistory)
2022-04-07T17:31:11.977+0700 [DEBUG] [org.gradle.cache.internal.btree.BTreePersistentIndexedCache] Closing cache executionHistory.bin (D:\Year_3\Semester_2\Mobile\caches\7.0.2\executionHistory\executionHistory.bin)
2022-04-07T17:31:11.977+0700 [DEBUG] [org.gradle.cache.internal.DefaultFileLockManager] Releasing lock on execution history cache (D:\Year_3\Semester_2\Mobile\caches\7.0.2\executionHistory).
2022-04-07T17:31:11.981+0700 [DEBUG] [org.gradle.cache.internal.VersionSpecificCacheCleanupAction] Processed version-specific caches at D:\Year_3\Semester_2\Mobile\caches for cleanup in 0.001 secs
Daemon vm is shutting down... The daemon has exited normally or was terminated in response to a user interrupt.
2022-04-07T17:31:11.990+0700 [DEBUG] [org.gradle.launcher.daemon.registry.PersistentDaemonRegistry] Removing daemon address: [0133f205-96dc-4f46-9dfe-a8808d5c72ac port:50865, addresses:[localhost/127.0.0.1]]
2022-04-07T17:31:11.992+0700 [DEBUG] [org.gradle.cache.internal.DefaultFileLockManager] Waiting to acquire exclusive lock on daemon addresses registry.
2022-04-07T17:31:11.992+0700 [DEBUG] [org.gradle.cache.internal.DefaultFileLockManager] Lock acquired on daemon addresses registry.
2022-04-07T17:31:11.994+0700 [DEBUG] [org.gradle.cache.internal.DefaultFileLockManager] Releasing lock on daemon addresses registry.
